ARM GAS  C:\Users\SOULEY~1\AppData\Local\Temp\ccJS9rEK.s 			page 1


   1              		.syntax unified
   2              		.cpu cortex-m3
   3              		.fpu softvfp
   4              		.eabi_attribute 20, 1
   5              		.eabi_attribute 21, 1
   6              		.eabi_attribute 23, 3
   7              		.eabi_attribute 24, 1
   8              		.eabi_attribute 25, 1
   9              		.eabi_attribute 26, 1
  10              		.eabi_attribute 30, 1
  11              		.eabi_attribute 34, 1
  12              		.eabi_attribute 18, 4
  13              		.thumb
  14              		.syntax unified
  15              		.file	"cymetadata.c"
  16              		.text
  17              	.Ltext0:
  18              		.cfi_sections	.debug_frame
  19              		.global	cy_metadata
  20              		.global	cy_meta_flashprotect
  21              		.global	cy_meta_wonvl
  22              		.global	cy_meta_custnvl
  23              		.global	cy_meta_configecc
  24              		.section	.cyconfigecc,"a",%progbits
  25              		.align	2
  26              		.type	cy_meta_configecc, %object
  27              		.size	cy_meta_configecc, 68
  28              	cy_meta_configecc:
  29 0000 02       		.byte	2
  30 0001 52       		.byte	82
  31 0002 00       		.byte	0
  32 0003 40       		.byte	64
  33 0004 04       		.byte	4
  34 0005 44       		.byte	68
  35 0006 01       		.byte	1
  36 0007 40       		.byte	64
  37 0008 04       		.byte	4
  38 0009 45       		.byte	69
  39 000a 01       		.byte	1
  40 000b 40       		.byte	64
  41 000c 03       		.byte	3
  42 000d 46       		.byte	70
  43 000e 01       		.byte	1
  44 000f 40       		.byte	64
  45 0010 30       		.byte	48
  46 0011 04       		.byte	4
  47 0012 31       		.byte	49
  48 0013 04       		.byte	4
  49 0014 50       		.byte	80
  50 0015 20       		.byte	32
  51 0016 5D       		.byte	93
  52 0017 20       		.byte	32
  53 0018 D4       		.byte	-44
  54 0019 04       		.byte	4
  55 001a D6       		.byte	-42
  56 001b 04       		.byte	4
  57 001c 10       		.byte	16
ARM GAS  C:\Users\SOULEY~1\AppData\Local\Temp\ccJS9rEK.s 			page 2


  58 001d 20       		.byte	32
  59 001e 9D       		.byte	-99
  60 001f 20       		.byte	32
  61 0020 A4       		.byte	-92
  62 0021 20       		.byte	32
  63 0022 C4       		.byte	-60
  64 0023 08       		.byte	8
  65 0024 01       		.byte	1
  66 0025 20       		.byte	32
  67 0026 9D       		.byte	-99
  68 0027 20       		.byte	32
  69 0028 C0       		.byte	-64
  70 0029 02       		.byte	2
  71 002a 00       		.byte	0
  72 002b 00       		.byte	0
  73 002c 00       		.byte	0
  74 002d 00       		.byte	0
  75 002e 00       		.byte	0
  76 002f 00       		.byte	0
  77 0030 00       		.byte	0
  78 0031 00       		.byte	0
  79 0032 01       		.byte	1
  80 0033 00       		.byte	0
  81 0034 00       		.byte	0
  82 0035 0B       		.byte	11
  83 0036 0B       		.byte	11
  84 0037 00       		.byte	0
  85 0038 00       		.byte	0
  86 0039 00       		.byte	0
  87 003a 00       		.byte	0
  88 003b 00       		.byte	0
  89 003c 00       		.byte	0
  90 003d 0C       		.byte	12
  91 003e 0C       		.byte	12
  92 003f 00       		.byte	0
  93 0040 0C       		.byte	12
  94 0041 00       		.byte	0
  95 0042 00       		.byte	0
  96 0043 00       		.byte	0
  97              		.section	.cywolatch,"a",%progbits
  98              		.align	2
  99              		.type	cy_meta_wonvl, %object
 100              		.size	cy_meta_wonvl, 4
 101              	cy_meta_wonvl:
 102 0000 BC       		.byte	-68
 103 0001 90       		.byte	-112
 104 0002 AC       		.byte	-84
 105 0003 AF       		.byte	-81
 106              		.section	.cycustnvl,"a",%progbits
 107              		.align	2
 108              		.type	cy_meta_custnvl, %object
 109              		.size	cy_meta_custnvl, 4
 110              	cy_meta_custnvl:
 111 0000 00       		.byte	0
 112 0001 00       		.byte	0
 113 0002 40       		.byte	64
 114 0003 05       		.byte	5
ARM GAS  C:\Users\SOULEY~1\AppData\Local\Temp\ccJS9rEK.s 			page 3


 115              		.section	.cymeta,"a",%progbits
 116              		.align	2
 117              		.type	cy_metadata, %object
 118              		.size	cy_metadata, 12
 119              	cy_metadata:
 120 0000 00       		.byte	0
 121 0001 01       		.byte	1
 122 0002 2E       		.byte	46
 123 0003 12       		.byte	18
 124 0004 30       		.byte	48
 125 0005 69       		.byte	105
 126 0006 00       		.byte	0
 127 0007 01       		.byte	1
 128 0008 00       		.byte	0
 129 0009 00       		.byte	0
 130 000a 00       		.byte	0
 131 000b 00       		.byte	0
 132              		.section	.cyflashprotect,"a",%progbits
 133              		.align	2
 134              		.type	cy_meta_flashprotect, %object
 135              		.size	cy_meta_flashprotect, 256
 136              	cy_meta_flashprotect:
 137 0000 00000000 		.space	256
 137      00000000 
 137      00000000 
 137      00000000 
 137      00000000 
 138              		.text
 139              	.Letext0:
 140              		.file 1 "c:\\program files (x86)\\cypress\\psoc creator\\4.4\\psoc creator\\import\\gnu\\arm\\5.4.
 141              		.file 2 "c:\\program files (x86)\\cypress\\psoc creator\\4.4\\psoc creator\\import\\gnu\\arm\\5.4.
 142              		.file 3 "Generated_Source\\PSoC5\\cymetadata.c"
 143              		.section	.debug_info,"",%progbits
 144              	.Ldebug_info0:
 145 0000 30010000 		.4byte	0x130
 146 0004 0400     		.2byte	0x4
 147 0006 00000000 		.4byte	.Ldebug_abbrev0
 148 000a 04       		.byte	0x4
 149 000b 01       		.uleb128 0x1
 150 000c 24000000 		.4byte	.LASF17
 151 0010 0C       		.byte	0xc
 152 0011 D0010000 		.4byte	.LASF18
 153 0015 5F010000 		.4byte	.LASF19
 154 0019 00000000 		.4byte	.Ldebug_line0
 155 001d 02       		.uleb128 0x2
 156 001e 01       		.byte	0x1
 157 001f 06       		.byte	0x6
 158 0020 C4010000 		.4byte	.LASF0
 159 0024 03       		.uleb128 0x3
 160 0025 00000000 		.4byte	.LASF9
 161 0029 01       		.byte	0x1
 162 002a 1D       		.byte	0x1d
 163 002b 2F000000 		.4byte	0x2f
 164 002f 02       		.uleb128 0x2
 165 0030 01       		.byte	0x1
 166 0031 08       		.byte	0x8
 167 0032 16000000 		.4byte	.LASF1
ARM GAS  C:\Users\SOULEY~1\AppData\Local\Temp\ccJS9rEK.s 			page 4


 168 0036 02       		.uleb128 0x2
 169 0037 02       		.byte	0x2
 170 0038 05       		.byte	0x5
 171 0039 B1010000 		.4byte	.LASF2
 172 003d 02       		.uleb128 0x2
 173 003e 02       		.byte	0x2
 174 003f 07       		.byte	0x7
 175 0040 C4000000 		.4byte	.LASF3
 176 0044 02       		.uleb128 0x2
 177 0045 04       		.byte	0x4
 178 0046 05       		.byte	0x5
 179 0047 BB010000 		.4byte	.LASF4
 180 004b 02       		.uleb128 0x2
 181 004c 04       		.byte	0x4
 182 004d 07       		.byte	0x7
 183 004e B2000000 		.4byte	.LASF5
 184 0052 02       		.uleb128 0x2
 185 0053 08       		.byte	0x8
 186 0054 05       		.byte	0x5
 187 0055 51010000 		.4byte	.LASF6
 188 0059 02       		.uleb128 0x2
 189 005a 08       		.byte	0x8
 190 005b 07       		.byte	0x7
 191 005c 06010000 		.4byte	.LASF7
 192 0060 04       		.uleb128 0x4
 193 0061 04       		.byte	0x4
 194 0062 05       		.byte	0x5
 195 0063 696E7400 		.ascii	"int\000"
 196 0067 02       		.uleb128 0x2
 197 0068 04       		.byte	0x4
 198 0069 07       		.byte	0x7
 199 006a F9000000 		.4byte	.LASF8
 200 006e 03       		.uleb128 0x3
 201 006f 1D010000 		.4byte	.LASF10
 202 0073 02       		.byte	0x2
 203 0074 18       		.byte	0x18
 204 0075 24000000 		.4byte	0x24
 205 0079 05       		.uleb128 0x5
 206 007a 90000000 		.4byte	0x90
 207 007e 89000000 		.4byte	0x89
 208 0082 06       		.uleb128 0x6
 209 0083 89000000 		.4byte	0x89
 210 0087 43       		.byte	0x43
 211 0088 00       		.byte	0
 212 0089 02       		.uleb128 0x2
 213 008a 04       		.byte	0x4
 214 008b 07       		.byte	0x7
 215 008c 48010000 		.4byte	.LASF11
 216 0090 07       		.uleb128 0x7
 217 0091 6E000000 		.4byte	0x6e
 218 0095 08       		.uleb128 0x8
 219 0096 E7000000 		.4byte	.LASF12
 220 009a 03       		.byte	0x3
 221 009b 1F       		.byte	0x1f
 222 009c A6000000 		.4byte	0xa6
 223 00a0 05       		.uleb128 0x5
 224 00a1 03       		.byte	0x3
ARM GAS  C:\Users\SOULEY~1\AppData\Local\Temp\ccJS9rEK.s 			page 5


 225 00a2 00000000 		.4byte	cy_meta_configecc
 226 00a6 07       		.uleb128 0x7
 227 00a7 79000000 		.4byte	0x79
 228 00ab 05       		.uleb128 0x5
 229 00ac 90000000 		.4byte	0x90
 230 00b0 BB000000 		.4byte	0xbb
 231 00b4 06       		.uleb128 0x6
 232 00b5 89000000 		.4byte	0x89
 233 00b9 03       		.byte	0x3
 234 00ba 00       		.byte	0
 235 00bb 08       		.uleb128 0x8
 236 00bc D7000000 		.4byte	.LASF13
 237 00c0 03       		.byte	0x3
 238 00c1 35       		.byte	0x35
 239 00c2 CC000000 		.4byte	0xcc
 240 00c6 05       		.uleb128 0x5
 241 00c7 03       		.byte	0x3
 242 00c8 00000000 		.4byte	cy_meta_custnvl
 243 00cc 07       		.uleb128 0x7
 244 00cd AB000000 		.4byte	0xab
 245 00d1 08       		.uleb128 0x8
 246 00d2 3A010000 		.4byte	.LASF14
 247 00d6 03       		.byte	0x3
 248 00d7 43       		.byte	0x43
 249 00d8 E2000000 		.4byte	0xe2
 250 00dc 05       		.uleb128 0x5
 251 00dd 03       		.byte	0x3
 252 00de 00000000 		.4byte	cy_meta_wonvl
 253 00e2 07       		.uleb128 0x7
 254 00e3 AB000000 		.4byte	0xab
 255 00e7 05       		.uleb128 0x5
 256 00e8 90000000 		.4byte	0x90
 257 00ec F7000000 		.4byte	0xf7
 258 00f0 06       		.uleb128 0x6
 259 00f1 89000000 		.4byte	0x89
 260 00f5 FF       		.byte	0xff
 261 00f6 00       		.byte	0
 262 00f7 08       		.uleb128 0x8
 263 00f8 25010000 		.4byte	.LASF15
 264 00fc 03       		.byte	0x3
 265 00fd 51       		.byte	0x51
 266 00fe 08010000 		.4byte	0x108
 267 0102 05       		.uleb128 0x5
 268 0103 03       		.byte	0x3
 269 0104 00000000 		.4byte	cy_meta_flashprotect
 270 0108 07       		.uleb128 0x7
 271 0109 E7000000 		.4byte	0xe7
 272 010d 05       		.uleb128 0x5
 273 010e 90000000 		.4byte	0x90
 274 0112 1D010000 		.4byte	0x11d
 275 0116 06       		.uleb128 0x6
 276 0117 89000000 		.4byte	0x89
 277 011b 0B       		.byte	0xb
 278 011c 00       		.byte	0
 279 011d 08       		.uleb128 0x8
 280 011e 0A000000 		.4byte	.LASF16
 281 0122 03       		.byte	0x3
ARM GAS  C:\Users\SOULEY~1\AppData\Local\Temp\ccJS9rEK.s 			page 6


 282 0123 7E       		.byte	0x7e
 283 0124 2E010000 		.4byte	0x12e
 284 0128 05       		.uleb128 0x5
 285 0129 03       		.byte	0x3
 286 012a 00000000 		.4byte	cy_metadata
 287 012e 07       		.uleb128 0x7
 288 012f 0D010000 		.4byte	0x10d
 289 0133 00       		.byte	0
 290              		.section	.debug_abbrev,"",%progbits
 291              	.Ldebug_abbrev0:
 292 0000 01       		.uleb128 0x1
 293 0001 11       		.uleb128 0x11
 294 0002 01       		.byte	0x1
 295 0003 25       		.uleb128 0x25
 296 0004 0E       		.uleb128 0xe
 297 0005 13       		.uleb128 0x13
 298 0006 0B       		.uleb128 0xb
 299 0007 03       		.uleb128 0x3
 300 0008 0E       		.uleb128 0xe
 301 0009 1B       		.uleb128 0x1b
 302 000a 0E       		.uleb128 0xe
 303 000b 10       		.uleb128 0x10
 304 000c 17       		.uleb128 0x17
 305 000d 00       		.byte	0
 306 000e 00       		.byte	0
 307 000f 02       		.uleb128 0x2
 308 0010 24       		.uleb128 0x24
 309 0011 00       		.byte	0
 310 0012 0B       		.uleb128 0xb
 311 0013 0B       		.uleb128 0xb
 312 0014 3E       		.uleb128 0x3e
 313 0015 0B       		.uleb128 0xb
 314 0016 03       		.uleb128 0x3
 315 0017 0E       		.uleb128 0xe
 316 0018 00       		.byte	0
 317 0019 00       		.byte	0
 318 001a 03       		.uleb128 0x3
 319 001b 16       		.uleb128 0x16
 320 001c 00       		.byte	0
 321 001d 03       		.uleb128 0x3
 322 001e 0E       		.uleb128 0xe
 323 001f 3A       		.uleb128 0x3a
 324 0020 0B       		.uleb128 0xb
 325 0021 3B       		.uleb128 0x3b
 326 0022 0B       		.uleb128 0xb
 327 0023 49       		.uleb128 0x49
 328 0024 13       		.uleb128 0x13
 329 0025 00       		.byte	0
 330 0026 00       		.byte	0
 331 0027 04       		.uleb128 0x4
 332 0028 24       		.uleb128 0x24
 333 0029 00       		.byte	0
 334 002a 0B       		.uleb128 0xb
 335 002b 0B       		.uleb128 0xb
 336 002c 3E       		.uleb128 0x3e
 337 002d 0B       		.uleb128 0xb
 338 002e 03       		.uleb128 0x3
ARM GAS  C:\Users\SOULEY~1\AppData\Local\Temp\ccJS9rEK.s 			page 7


 339 002f 08       		.uleb128 0x8
 340 0030 00       		.byte	0
 341 0031 00       		.byte	0
 342 0032 05       		.uleb128 0x5
 343 0033 01       		.uleb128 0x1
 344 0034 01       		.byte	0x1
 345 0035 49       		.uleb128 0x49
 346 0036 13       		.uleb128 0x13
 347 0037 01       		.uleb128 0x1
 348 0038 13       		.uleb128 0x13
 349 0039 00       		.byte	0
 350 003a 00       		.byte	0
 351 003b 06       		.uleb128 0x6
 352 003c 21       		.uleb128 0x21
 353 003d 00       		.byte	0
 354 003e 49       		.uleb128 0x49
 355 003f 13       		.uleb128 0x13
 356 0040 2F       		.uleb128 0x2f
 357 0041 0B       		.uleb128 0xb
 358 0042 00       		.byte	0
 359 0043 00       		.byte	0
 360 0044 07       		.uleb128 0x7
 361 0045 26       		.uleb128 0x26
 362 0046 00       		.byte	0
 363 0047 49       		.uleb128 0x49
 364 0048 13       		.uleb128 0x13
 365 0049 00       		.byte	0
 366 004a 00       		.byte	0
 367 004b 08       		.uleb128 0x8
 368 004c 34       		.uleb128 0x34
 369 004d 00       		.byte	0
 370 004e 03       		.uleb128 0x3
 371 004f 0E       		.uleb128 0xe
 372 0050 3A       		.uleb128 0x3a
 373 0051 0B       		.uleb128 0xb
 374 0052 3B       		.uleb128 0x3b
 375 0053 0B       		.uleb128 0xb
 376 0054 49       		.uleb128 0x49
 377 0055 13       		.uleb128 0x13
 378 0056 3F       		.uleb128 0x3f
 379 0057 19       		.uleb128 0x19
 380 0058 02       		.uleb128 0x2
 381 0059 18       		.uleb128 0x18
 382 005a 00       		.byte	0
 383 005b 00       		.byte	0
 384 005c 00       		.byte	0
 385              		.section	.debug_aranges,"",%progbits
 386 0000 14000000 		.4byte	0x14
 387 0004 0200     		.2byte	0x2
 388 0006 00000000 		.4byte	.Ldebug_info0
 389 000a 04       		.byte	0x4
 390 000b 00       		.byte	0
 391 000c 0000     		.2byte	0
 392 000e 0000     		.2byte	0
 393 0010 00000000 		.4byte	0
 394 0014 00000000 		.4byte	0
 395              		.section	.debug_line,"",%progbits
ARM GAS  C:\Users\SOULEY~1\AppData\Local\Temp\ccJS9rEK.s 			page 8


 396              	.Ldebug_line0:
 397 0000 3D010000 		.section	.debug_str,"MS",%progbits,1
 397      02003701 
 397      00000201 
 397      FB0E0D00 
 397      01010101 
 398              	.LASF9:
 399 0000 5F5F7569 		.ascii	"__uint8_t\000"
 399      6E74385F 
 399      7400
 400              	.LASF16:
 401 000a 63795F6D 		.ascii	"cy_metadata\000"
 401      65746164 
 401      61746100 
 402              	.LASF1:
 403 0016 756E7369 		.ascii	"unsigned char\000"
 403      676E6564 
 403      20636861 
 403      7200
 404              	.LASF17:
 405 0024 474E5520 		.ascii	"GNU C11 5.4.1 20160609 (release) [ARM/embedded-5-br"
 405      43313120 
 405      352E342E 
 405      31203230 
 405      31363036 
 406 0057 616E6368 		.ascii	"anch revision 237715] -mcpu=cortex-m3 -mthumb -g -O"
 406      20726576 
 406      6973696F 
 406      6E203233 
 406      37373135 
 407 008a 67202D66 		.ascii	"g -ffunction-sections -ffat-lto-objects\000"
 407      66756E63 
 407      74696F6E 
 407      2D736563 
 407      74696F6E 
 408              	.LASF5:
 409 00b2 6C6F6E67 		.ascii	"long unsigned int\000"
 409      20756E73 
 409      69676E65 
 409      6420696E 
 409      7400
 410              	.LASF3:
 411 00c4 73686F72 		.ascii	"short unsigned int\000"
 411      7420756E 
 411      7369676E 
 411      65642069 
 411      6E7400
 412              	.LASF13:
 413 00d7 63795F6D 		.ascii	"cy_meta_custnvl\000"
 413      6574615F 
 413      63757374 
 413      6E766C00 
 414              	.LASF12:
 415 00e7 63795F6D 		.ascii	"cy_meta_configecc\000"
 415      6574615F 
 415      636F6E66 
 415      69676563 
ARM GAS  C:\Users\SOULEY~1\AppData\Local\Temp\ccJS9rEK.s 			page 9


 415      6300
 416              	.LASF8:
 417 00f9 756E7369 		.ascii	"unsigned int\000"
 417      676E6564 
 417      20696E74 
 417      00
 418              	.LASF7:
 419 0106 6C6F6E67 		.ascii	"long long unsigned int\000"
 419      206C6F6E 
 419      6720756E 
 419      7369676E 
 419      65642069 
 420              	.LASF10:
 421 011d 75696E74 		.ascii	"uint8_t\000"
 421      385F7400 
 422              	.LASF15:
 423 0125 63795F6D 		.ascii	"cy_meta_flashprotect\000"
 423      6574615F 
 423      666C6173 
 423      6870726F 
 423      74656374 
 424              	.LASF14:
 425 013a 63795F6D 		.ascii	"cy_meta_wonvl\000"
 425      6574615F 
 425      776F6E76 
 425      6C00
 426              	.LASF11:
 427 0148 73697A65 		.ascii	"sizetype\000"
 427      74797065 
 427      00
 428              	.LASF6:
 429 0151 6C6F6E67 		.ascii	"long long int\000"
 429      206C6F6E 
 429      6720696E 
 429      7400
 430              	.LASF19:
 431 015f 433A5C55 		.ascii	"C:\\Users\\Souleymane BAH\\Documents\\PSoC Creator\\"
 431      73657273 
 431      5C536F75 
 431      6C65796D 
 431      616E6520 
 432 018e 576F726B 		.ascii	"WorkspaceCapteur\\Capteur_LDR.cydsn\000"
 432      73706163 
 432      65436170 
 432      74657572 
 432      5C436170 
 433              	.LASF2:
 434 01b1 73686F72 		.ascii	"short int\000"
 434      7420696E 
 434      7400
 435              	.LASF4:
 436 01bb 6C6F6E67 		.ascii	"long int\000"
 436      20696E74 
 436      00
 437              	.LASF0:
 438 01c4 7369676E 		.ascii	"signed char\000"
 438      65642063 
ARM GAS  C:\Users\SOULEY~1\AppData\Local\Temp\ccJS9rEK.s 			page 10


 438      68617200 
 439              	.LASF18:
 440 01d0 47656E65 		.ascii	"Generated_Source\\PSoC5\\cymetadata.c\000"
 440      72617465 
 440      645F536F 
 440      75726365 
 440      5C50536F 
 441              		.ident	"GCC: (GNU Tools for ARM Embedded Processors) 5.4.1 20160609 (release) [ARM/embedded-5-bran
