Loading plugins phase: Elapsed time ==> 0s.253ms
<CYPRESSTAG name="CyDsfit arguments...">
cydsfit arguments: -.fdsnotice -.fdswarpdepfile=warp_dependencies.txt -.fdselabdepfile=elab_dependencies.txt -.fdsbldfile=generated_files.txt -.fdsreffile=referenced_files.txt -p C:\Users\Souleymane BAH\Documents\PSoC Creator\WorkspaceCapteur\Capteur_LDR.cydsn\Capteur_LDR.cyprj -d CY8C5868AXI-LP035 -s C:\Users\Souleymane BAH\Documents\PSoC Creator\WorkspaceCapteur\Capteur_LDR.cydsn\Generated_Source\PSoC5 -- -yv2 -q10 -ygs -o2 -v3 -.fftcfgtype=LE
</CYPRESSTAG>
<CYPRESSTAG name="Design elaboration results...">
</CYPRESSTAG>
Elaboration phase: Elapsed time ==> 1s.912ms
<CYPRESSTAG name="HDL generation results...">
</CYPRESSTAG>
HDL generation phase: Elapsed time ==> 0s.079ms
<CYPRESSTAG name="Synthesis results...">

     | | | | | | |
   _________________
  -|               |-
  -|               |-
  -|               |-
  -|    CYPRESS    |-
  -|               |-
  -|               |-   Warp Verilog Synthesis Compiler: Version 6.3 IR 41
  -|               |-   Copyright (C) 1991-2001 Cypress Semiconductor
   |_______________|
     | | | | | | |

======================================================================
Compiling:  Capteur_LDR.v
Program  :   C:\Program Files (x86)\Cypress\PSoC Creator\4.4\PSoC Creator\warp\bin\warp.exe
Options  :    -yv2 -q10 -ygs -o2 -v3 -.fftcfgtype=LE -ya -.fftprj=C:\Users\Souleymane BAH\Documents\PSoC Creator\WorkspaceCapteur\Capteur_LDR.cydsn\Capteur_LDR.cyprj -dcpsoc3 Capteur_LDR.v -verilog
======================================================================

======================================================================
Compiling:  Capteur_LDR.v
Program  :   C:\Program Files (x86)\Cypress\PSoC Creator\4.4\PSoC Creator\warp\bin\warp.exe
Options  :    -yv2 -q10 -ygs -o2 -v3 -.fftcfgtype=LE -ya -.fftprj=C:\Users\Souleymane BAH\Documents\PSoC Creator\WorkspaceCapteur\Capteur_LDR.cydsn\Capteur_LDR.cyprj -dcpsoc3 Capteur_LDR.v -verilog
======================================================================

======================================================================
Compiling:  Capteur_LDR.v
Program  :   vlogfe
Options  :    -yv2 -q10 -ygs -o2 -v3 -.fftcfgtype=LE -ya -.fftprj=C:\Users\Souleymane BAH\Documents\PSoC Creator\WorkspaceCapteur\Capteur_LDR.cydsn\Capteur_LDR.cyprj -dcpsoc3 -verilog Capteur_LDR.v
======================================================================

vlogfe V6.3 IR 41:  Verilog parser
Wed Jan 06 10:42:52 2021


======================================================================
Compiling:  Capteur_LDR.v
Program  :   vpp
Options  :    -yv2 -q10 Capteur_LDR.v
======================================================================

vpp V6.3 IR 41:  Verilog Pre-Processor
Wed Jan 06 10:42:52 2021

Flattening file 'C:\Program Files (x86)\Cypress\PSoC Creator\4.4\PSoC Creator\psoc\content\CyPrimitives\cyprimitives.cylib\cy_virtualmux_v1_0\cy_virtualmux_v1_0.v'
Flattening file 'C:\Program Files (x86)\Cypress\PSoC Creator\4.4\PSoC Creator\psoc\content\CyPrimitives\cyprimitives.cylib\not_v1_0\not_v1_0.v'
Flattening file 'C:\Program Files (x86)\Cypress\PSoC Creator\4.4\PSoC Creator\psoc\content\CyPrimitives\cyprimitives.cylib\ZeroTerminal\ZeroTerminal.v'

vpp:  No errors.

Library 'work' => directory 'lcpsoc3'
General_symbol_table
General_symbol_table
Linking 'C:\Program Files (x86)\Cypress\PSoC Creator\4.4\PSoC Creator\warp\lib\common\std.vhd'.
Linking 'C:\Program Files (x86)\Cypress\PSoC Creator\4.4\PSoC Creator\warp\lib\common\cypress.vhd'.
Linking 'C:\Program Files (x86)\Cypress\PSoC Creator\4.4\PSoC Creator\warp\lib\common\work\cypress.vif'.
Linking 'C:\Program Files (x86)\Cypress\PSoC Creator\4.4\PSoC Creator\warp\lib\ieee\work\stdlogic.vif'.
Linking 'C:\Program Files (x86)\Cypress\PSoC Creator\4.4\PSoC Creator\warp\lib\common\stdlogic\lpmpkg.vif'.
Linking 'C:\Program Files (x86)\Cypress\PSoC Creator\4.4\PSoC Creator\warp\lib\common\stdlogic\rtlpkg.vif'.
Linking 'C:\Program Files (x86)\Cypress\PSoC Creator\4.4\PSoC Creator\warp\lib\common\stdlogic\mod_cnst.vif'.
Linking 'C:\Program Files (x86)\Cypress\PSoC Creator\4.4\PSoC Creator\warp\lib\common\stdlogic\mod_mthv.vif'.
Linking 'C:\Program Files (x86)\Cypress\PSoC Creator\4.4\PSoC Creator\warp\lib\common\stdlogic\mod_genv.vif'.
Using control file 'Capteur_LDR.ctl'.

vlogfe:  No errors.


======================================================================
Compiling:  Capteur_LDR.v
Program  :   tovif
Options  :    -yv2 -q10 -ygs -o2 -v3 -.fftcfgtype=LE -ya -.fftprj=C:\Users\Souleymane BAH\Documents\PSoC Creator\WorkspaceCapteur\Capteur_LDR.cydsn\Capteur_LDR.cyprj -dcpsoc3 -verilog Capteur_LDR.v
======================================================================

tovif V6.3 IR 41:  High-level synthesis
Wed Jan 06 10:42:52 2021

Linking 'C:\Program Files (x86)\Cypress\PSoC Creator\4.4\PSoC Creator\warp\lib\common\std.vhd'.
Linking 'C:\Program Files (x86)\Cypress\PSoC Creator\4.4\PSoC Creator\warp\lib\common\cypress.vhd'.
Linking 'C:\Program Files (x86)\Cypress\PSoC Creator\4.4\PSoC Creator\warp\lib\common\work\cypress.vif'.
Linking 'C:\Program Files (x86)\Cypress\PSoC Creator\4.4\PSoC Creator\warp\lib\ieee\work\stdlogic.vif'.
Linking 'C:\Program Files (x86)\Cypress\PSoC Creator\4.4\PSoC Creator\warp\lib\common\stdlogic\lpmpkg.vif'.
Linking 'C:\Program Files (x86)\Cypress\PSoC Creator\4.4\PSoC Creator\warp\lib\common\stdlogic\rtlpkg.vif'.
Linking 'C:\Program Files (x86)\Cypress\PSoC Creator\4.4\PSoC Creator\warp\lib\common\stdlogic\mod_cnst.vif'.
Linking 'C:\Program Files (x86)\Cypress\PSoC Creator\4.4\PSoC Creator\warp\lib\common\stdlogic\mod_mthv.vif'.
Linking 'C:\Program Files (x86)\Cypress\PSoC Creator\4.4\PSoC Creator\warp\lib\common\stdlogic\mod_genv.vif'.
Linking 'C:\Users\Souleymane BAH\Documents\PSoC Creator\WorkspaceCapteur\Capteur_LDR.cydsn\codegentemp\Capteur_LDR.ctl'.
Linking 'C:\Program Files (x86)\Cypress\PSoC Creator\4.4\PSoC Creator\psoc\content\CyPrimitives\cyprimitives.cylib\cy_virtualmux_v1_0\cy_virtualmux_v1_0.v'.
Linking 'C:\Users\Souleymane BAH\Documents\PSoC Creator\WorkspaceCapteur\Capteur_LDR.cydsn\codegentemp\Capteur_LDR.v'.
Linking 'C:\Program Files (x86)\Cypress\PSoC Creator\4.4\PSoC Creator\psoc\content\CyPrimitives\cyprimitives.cylib\not_v1_0\not_v1_0.v'.
Linking 'C:\Program Files (x86)\Cypress\PSoC Creator\4.4\PSoC Creator\psoc\content\CyPrimitives\cyprimitives.cylib\ZeroTerminal\ZeroTerminal.v'.

tovif:  No errors.


======================================================================
Compiling:  Capteur_LDR.v
Program  :   topld
Options  :    -yv2 -q10 -ygs -o2 -v3 -.fftcfgtype=LE -ya -.fftprj=C:\Users\Souleymane BAH\Documents\PSoC Creator\WorkspaceCapteur\Capteur_LDR.cydsn\Capteur_LDR.cyprj -dcpsoc3 -verilog Capteur_LDR.v
======================================================================

topld V6.3 IR 41:  Synthesis and optimization
Wed Jan 06 10:42:53 2021

Linking 'C:\Program Files (x86)\Cypress\PSoC Creator\4.4\PSoC Creator\warp\lib\common\std.vhd'.
Linking 'C:\Program Files (x86)\Cypress\PSoC Creator\4.4\PSoC Creator\warp\lib\common\cypress.vhd'.
Linking 'C:\Program Files (x86)\Cypress\PSoC Creator\4.4\PSoC Creator\warp\lib\common\work\cypress.vif'.
Linking 'C:\Program Files (x86)\Cypress\PSoC Creator\4.4\PSoC Creator\warp\lib\ieee\work\stdlogic.vif'.
Linking 'C:\Program Files (x86)\Cypress\PSoC Creator\4.4\PSoC Creator\warp\lib\common\stdlogic\lpmpkg.vif'.
Linking 'C:\Program Files (x86)\Cypress\PSoC Creator\4.4\PSoC Creator\warp\lib\common\stdlogic\rtlpkg.vif'.
Linking 'C:\Program Files (x86)\Cypress\PSoC Creator\4.4\PSoC Creator\warp\lib\common\stdlogic\mod_cnst.vif'.
Linking 'C:\Program Files (x86)\Cypress\PSoC Creator\4.4\PSoC Creator\warp\lib\common\stdlogic\mod_mthv.vif'.
Linking 'C:\Program Files (x86)\Cypress\PSoC Creator\4.4\PSoC Creator\warp\lib\common\stdlogic\mod_genv.vif'.
Linking 'C:\Users\Souleymane BAH\Documents\PSoC Creator\WorkspaceCapteur\Capteur_LDR.cydsn\codegentemp\Capteur_LDR.ctl'.
Linking 'C:\Program Files (x86)\Cypress\PSoC Creator\4.4\PSoC Creator\psoc\content\CyPrimitives\cyprimitives.cylib\cy_virtualmux_v1_0\cy_virtualmux_v1_0.v'.
Linking 'C:\Users\Souleymane BAH\Documents\PSoC Creator\WorkspaceCapteur\Capteur_LDR.cydsn\codegentemp\Capteur_LDR.v'.
Linking 'C:\Program Files (x86)\Cypress\PSoC Creator\4.4\PSoC Creator\psoc\content\CyPrimitives\cyprimitives.cylib\not_v1_0\not_v1_0.v'.
Linking 'C:\Program Files (x86)\Cypress\PSoC Creator\4.4\PSoC Creator\psoc\content\CyPrimitives\cyprimitives.cylib\ZeroTerminal\ZeroTerminal.v'.
Linking 'C:\Program Files (x86)\Cypress\PSoC Creator\4.4\PSoC Creator\warp\lib\lcpsoc3\stdlogic\cpsoc3.vif'.

----------------------------------------------------------
Detecting unused logic.
----------------------------------------------------------
    User names
	\Comp_1:Net_9\
	\IDAC8:Net_157\
	\Comp_2:Net_9\


Deleted 3 User equations/components.
Deleted 0 Synthesized equations/components.

------------------------------------------------------
Alias Detection
------------------------------------------------------
Aliasing one to tmpOE__LED4_net_0
Aliasing \Comp_1:clock\ to zero
Aliasing \IDAC8:Net_125\ to zero
Aliasing \IDAC8:Net_194\ to zero
Aliasing \IDAC8:Net_195\ to zero
Aliasing tmpOE__LDR_net_0 to tmpOE__LED4_net_0
Aliasing \VDAC8_2:Net_83\ to zero
Aliasing \VDAC8_2:Net_81\ to zero
Aliasing \VDAC8_2:Net_82\ to zero
Aliasing \Comp_2:clock\ to zero
Aliasing \VDAC8_1:Net_83\ to zero
Aliasing \VDAC8_1:Net_81\ to zero
Aliasing \VDAC8_1:Net_82\ to zero
Aliasing tmpOE__LED3_net_0 to tmpOE__LED4_net_0
Removing Rhs of wire Net_72[2] = \Comp_1:Net_1\[13]
Removing Lhs of wire one[7] = tmpOE__LED4_net_0[1]
Removing Lhs of wire \Comp_1:clock\[12] = zero[6]
Removing Lhs of wire \IDAC8:Net_125\[16] = zero[6]
Removing Lhs of wire \IDAC8:Net_158\[17] = zero[6]
Removing Lhs of wire \IDAC8:Net_123\[18] = zero[6]
Removing Lhs of wire \IDAC8:Net_194\[22] = zero[6]
Removing Lhs of wire \IDAC8:Net_195\[23] = zero[6]
Removing Lhs of wire tmpOE__LDR_net_0[25] = tmpOE__LED4_net_0[1]
Removing Lhs of wire \VDAC8_2:Net_83\[31] = zero[6]
Removing Lhs of wire \VDAC8_2:Net_81\[32] = zero[6]
Removing Lhs of wire \VDAC8_2:Net_82\[33] = zero[6]
Removing Lhs of wire \Comp_2:clock\[38] = zero[6]
Removing Rhs of wire Net_74[40] = \Comp_2:Net_1\[39]
Removing Lhs of wire \VDAC8_1:Net_83\[43] = zero[6]
Removing Lhs of wire \VDAC8_1:Net_81\[44] = zero[6]
Removing Lhs of wire \VDAC8_1:Net_82\[45] = zero[6]
Removing Lhs of wire tmpOE__LED3_net_0[49] = tmpOE__LED4_net_0[1]

------------------------------------------------------
Aliased 0 equations, 18 wires.
------------------------------------------------------

----------------------------------------------------------
Circuit simplification
----------------------------------------------------------

Substituting virtuals - pass 1:


----------------------------------------------------------
Circuit simplification results:

	Expanded 0 signals.
	Turned 0 signals into soft nodes.
	Maximum default expansion cost was set at 3.
----------------------------------------------------------

topld:  No errors.

CYPRESS_DIR    : C:\Program Files (x86)\Cypress\PSoC Creator\4.4\PSoC Creator\warp
Warp Program   : C:\Program Files (x86)\Cypress\PSoC Creator\4.4\PSoC Creator\warp\bin\warp.exe
Warp Arguments : -yv2 -q10 -ygs -o2 -v3 -.fftcfgtype=LE -ya "-.fftprj=C:\Users\Souleymane BAH\Documents\PSoC Creator\WorkspaceCapteur\Capteur_LDR.cydsn\Capteur_LDR.cyprj" -dcpsoc3 Capteur_LDR.v -verilog
</CYPRESSTAG>
Warp synthesis phase: Elapsed time ==> 2s.435ms
<CYPRESSTAG name="Fitter results...">
<CYPRESSTAG name="Fitter startup details...">
cyp3fit: V4.4.0.80, Family: PSoC3, Started at: Wednesday, 06 January 2021 10:42:53
Options: -yv2 -q10 -ygs -o2 -v3 -.fftcfgtype=LE -ya -.fftprj=C:\Users\Souleymane BAH\Documents\PSoC Creator\WorkspaceCapteur\Capteur_LDR.cydsn\Capteur_LDR.cyprj -d CY8C5868AXI-LP035 Capteur_LDR.v -verilog
</CYPRESSTAG>
<CYPRESSTAG name="Design parsing">
Design parsing phase: Elapsed time ==> 0s.083ms
</CYPRESSTAG>
<CYPRESSTAG name="Tech Mapping">
<CYPRESSTAG name="Initial Mapping" icon="FILE_RPT_TECHM">
<CYPRESSTAG name="Global Clock Selection" icon="FILE_RPT_TECHM">
</CYPRESSTAG>
<CYPRESSTAG name="UDB Clock/Enable Remapping Results">
</CYPRESSTAG>

Removing unused cells resulting from optimization
Done removing unused cells.
<CYPRESSTAG name="Duplicate Macrocell detection">
</CYPRESSTAG>
</CYPRESSTAG>
<CYPRESSTAG name="Duplicate Macrocell detection">
</CYPRESSTAG>
<CYPRESSTAG name="Design Equations" icon="FILE_RPT_EQUATION">

------------------------------------------------------------
Design Equations
------------------------------------------------------------
    <CYPRESSTAG name="Pin listing">

    ------------------------------------------------------------
    Pin listing
    ------------------------------------------------------------

    Pin : Name = LED4(0)
        Attributes:
            In Group/Port: True
            In Sync Option: AUTO
            Out Sync Option: NOSYNC
            Interrupt generated: False
            Interrupt mode: NONE
            Drive mode: CMOS_OUT
            VTrip: EITHER
            Slew: FAST
            Input Sync needed: False
            Output Sync needed: False
            SC shield enabled: False
            POR State: ANY
            LCD Mode: COMMON
            Register Mode: RegComb
            CaSense Mode: NEITHER
            Treat as pin: True
            Is OE Registered: False
            Uses Analog: False
            Can contain Digital: True
            Is SIO: False
            SIO Output Buf: NONREGULATED
            SIO Input Buf: SINGLE_ENDED
            SIO HiFreq: LOW
            SIO Hyst: DISABLED
            SIO Vtrip: MULTIPLIER_0_5
            SIO Multiplier Index: 0
            SIO RefSel: VCC_IO
            Required Capabilities: DIGITAL, ROUTABLE
            Initial Value: 0
            IO Voltage: 0
        PORT MAP (
            pa_out => LED4(0)__PA ,
            pin_input => Net_72 ,
            pad => LED4(0)_PAD );
        Properties:
        {
        }

    Pin : Name = LDR(0)
        Attributes:
            In Group/Port: True
            In Sync Option: AUTO
            Out Sync Option: AUTO
            Interrupt generated: False
            Interrupt mode: NONE
            Drive mode: HI_Z_ANALOG
            VTrip: EITHER
            Slew: FAST
            Input Sync needed: False
            Output Sync needed: False
            SC shield enabled: False
            POR State: ANY
            LCD Mode: COMMON
            Register Mode: RegComb
            CaSense Mode: NEITHER
            Treat as pin: True
            Is OE Registered: False
            Uses Analog: True
            Can contain Digital: False
            Is SIO: False
            SIO Output Buf: NONREGULATED
            SIO Input Buf: SINGLE_ENDED
            SIO HiFreq: LOW
            SIO Hyst: DISABLED
            SIO Vtrip: MULTIPLIER_0_5
            SIO Multiplier Index: 0
            SIO RefSel: VCC_IO
            Required Capabilities: ANALOG
            Initial Value: 0
            IO Voltage: 0
        PORT MAP (
            pa_out => LDR(0)__PA ,
            analog_term => Net_27 ,
            pad => LDR(0)_PAD );
        Properties:
        {
        }

    Pin : Name = LED3(0)
        Attributes:
            In Group/Port: True
            In Sync Option: AUTO
            Out Sync Option: NOSYNC
            Interrupt generated: False
            Interrupt mode: NONE
            Drive mode: CMOS_OUT
            VTrip: EITHER
            Slew: FAST
            Input Sync needed: False
            Output Sync needed: False
            SC shield enabled: False
            POR State: ANY
            LCD Mode: COMMON
            Register Mode: RegComb
            CaSense Mode: NEITHER
            Treat as pin: True
            Is OE Registered: False
            Uses Analog: False
            Can contain Digital: True
            Is SIO: False
            SIO Output Buf: NONREGULATED
            SIO Input Buf: SINGLE_ENDED
            SIO HiFreq: LOW
            SIO Hyst: DISABLED
            SIO Vtrip: MULTIPLIER_0_5
            SIO Multiplier Index: 0
            SIO RefSel: VCC_IO
            Required Capabilities: DIGITAL, ROUTABLE
            Initial Value: 0
            IO Voltage: 0
        PORT MAP (
            pa_out => LED3(0)__PA ,
            pin_input => Net_74 ,
            pad => LED3(0)_PAD );
        Properties:
        {
        }
    </CYPRESSTAG>
    <CYPRESSTAG name="Macrocell listing" icon="FILE_RPT_EQUATION">
    </CYPRESSTAG>
    <CYPRESSTAG name="Datapath listing">
    </CYPRESSTAG>
    <CYPRESSTAG name="Status register listing">
    </CYPRESSTAG>
    <CYPRESSTAG name="StatusI register listing">
    </CYPRESSTAG>
    <CYPRESSTAG name="Sync listing">
    </CYPRESSTAG>
    <CYPRESSTAG name="Control register listing">
    </CYPRESSTAG>
    <CYPRESSTAG name="Count7 listing">
    </CYPRESSTAG>
    <CYPRESSTAG name="DRQ listing">
    </CYPRESSTAG>
    <CYPRESSTAG name="Interrupt listing">
    </CYPRESSTAG>
</CYPRESSTAG>
<CYPRESSTAG name="Technology mapping summary" expanded>

------------------------------------------------------------
Technology mapping summary
------------------------------------------------------------

Resource Type                 : Used : Free :  Max :  % Used
============================================================
Digital Clocks                :    0 :    8 :    8 :  0.00 %
Analog Clocks                 :    0 :    4 :    4 :  0.00 %
CapSense Buffers              :    0 :    2 :    2 :  0.00 %
Digital Filter Block          :    0 :    1 :    1 :  0.00 %
Interrupts                    :    0 :   32 :   32 :  0.00 %
IO                            :    6 :   66 :   72 :  8.33 %
Segment LCD                   :    0 :    1 :    1 :  0.00 %
CAN 2.0b                      :    0 :    1 :    1 :  0.00 %
I2C                           :    0 :    1 :    1 :  0.00 %
USB                           :    0 :    1 :    1 :  0.00 %
DMA Channels                  :    0 :   24 :   24 :  0.00 %
Timer                         :    0 :    4 :    4 :  0.00 %
UDB                           :      :      :      :        
  Macrocells                  :    0 :  192 :  192 :  0.00 %
  Unique P-terms              :    0 :  384 :  384 :  0.00 %
  Total P-terms               :    0 :      :      :        
  Datapath Cells              :    0 :   24 :   24 :  0.00 %
  Status Cells                :    0 :   24 :   24 :  0.00 %
  Control Cells               :    0 :   24 :   24 :  0.00 %
Opamp                         :    0 :    4 :    4 :  0.00 %
Comparator                    :    2 :    2 :    4 : 50.00 %
Delta-Sigma ADC               :    0 :    1 :    1 :  0.00 %
LPF                           :    0 :    2 :    2 :  0.00 %
SAR ADC                       :    0 :    2 :    2 :  0.00 %
Analog (SC/CT) Blocks         :    0 :    4 :    4 :  0.00 %
DAC                           :      :      :      :        
  VIDAC                       :    3 :    1 :    4 : 75.00 %
</CYPRESSTAG>
Technology Mapping: Elapsed time ==> 0s.191ms
Tech Mapping phase: Elapsed time ==> 0s.406ms
</CYPRESSTAG>
<CYPRESSTAG name="Analog Placement">
Initial Analog Placement Results:
IO_0@[IOP=(0)][IoId=(0)] : LDR(0) (fixed)
IO_3@[IOP=(6)][IoId=(3)] : LED3(0) (fixed)
IO_2@[IOP=(6)][IoId=(2)] : LED4(0) (fixed)
Comparator[3]@[FFB(Comparator,3)] : \Comp_1:ctComp\
Comparator[0]@[FFB(Comparator,0)] : \Comp_2:ctComp\
VIDAC[2]@[FFB(VIDAC,2)] : \IDAC8:viDAC8\
VIDAC[0]@[FFB(VIDAC,0)] : \VDAC8_1:viDAC8\
VIDAC[3]@[FFB(VIDAC,3)] : \VDAC8_2:viDAC8\
Log: apr.M0058: The analog placement iterative improvement is 35% done. (App=cydsfit)
Log: apr.M0058: The analog placement iterative improvement is 64% done. (App=cydsfit)
Analog Placement Results:
IO_0@[IOP=(0)][IoId=(0)] : LDR(0) (fixed)
IO_3@[IOP=(6)][IoId=(3)] : LED3(0) (fixed)
IO_2@[IOP=(6)][IoId=(2)] : LED4(0) (fixed)
Comparator[2]@[FFB(Comparator,2)] : \Comp_1:ctComp\
Comparator[1]@[FFB(Comparator,1)] : \Comp_2:ctComp\
VIDAC[3]@[FFB(VIDAC,3)] : \IDAC8:viDAC8\
VIDAC[2]@[FFB(VIDAC,2)] : \VDAC8_1:viDAC8\
VIDAC[1]@[FFB(VIDAC,1)] : \VDAC8_2:viDAC8\

Analog Placement phase: Elapsed time ==> 1s.785ms
</CYPRESSTAG>
<CYPRESSTAG name="Analog Routing">
Analog Routing phase: Elapsed time ==> 0s.005ms
</CYPRESSTAG>
<CYPRESSTAG name="Analog Code Generation">
============ Analog Final Answer Routes ============
Dump of CyAnalogRoutingResultsDB
Map of net to items {
  Net: Net_27 {
    vidac_3_iout
    agr4_x_vidac_3_iout
    agr4
    agl4_x_agr4
    agl4
    agl4_x_comp_2_vplus
    comp_2_vplus
    agr4_x_comp_1_vplus
    comp_1_vplus
    agl4_x_p0_0
    p0_0
  }
  Net: Net_56 {
    vidac_2_vout
    agl5_x_vidac_2_vout
    agl5
    agl5_x_comp_2_vminus
    comp_2_vminus
  }
  Net: Net_49 {
    vidac_1_vout
    agr0_x_vidac_1_vout
    agr0
    agr0_x_comp_1_vminus
    comp_1_vminus
  }
  Net: \IDAC8:Net_124\ {
  }
  Net: \VDAC8_1:Net_77\ {
  }
  Net: \VDAC8_2:Net_77\ {
  }
}
Map of item to net {
  vidac_3_iout                                     -> Net_27
  agr4_x_vidac_3_iout                              -> Net_27
  agr4                                             -> Net_27
  agl4_x_agr4                                      -> Net_27
  agl4                                             -> Net_27
  agl4_x_comp_2_vplus                              -> Net_27
  comp_2_vplus                                     -> Net_27
  agr4_x_comp_1_vplus                              -> Net_27
  comp_1_vplus                                     -> Net_27
  agl4_x_p0_0                                      -> Net_27
  p0_0                                             -> Net_27
  vidac_2_vout                                     -> Net_56
  agl5_x_vidac_2_vout                              -> Net_56
  agl5                                             -> Net_56
  agl5_x_comp_2_vminus                             -> Net_56
  comp_2_vminus                                    -> Net_56
  vidac_1_vout                                     -> Net_49
  agr0_x_vidac_1_vout                              -> Net_49
  agr0                                             -> Net_49
  agr0_x_comp_1_vminus                             -> Net_49
  comp_1_vminus                                    -> Net_49
}
Mux Info {
}
Dump of CyP35AnalogRoutingResultsDB
IsVddaHalfUsedForComp = False
IsVddaHalfUsedForSar0 = False
IsVddaHalfUsedForSar1 = False
Analog Code Generation phase: Elapsed time ==> 0s.331ms
</CYPRESSTAG>
<CYPRESSTAG name="Digital Placement">
<CYPRESSTAG name="Detailed placement messages">
I2659: No Constrained paths were found. The placer will run in non-timing driven mode.
I2076: Total run-time: 0.6 sec.

</CYPRESSTAG>
<CYPRESSTAG name="PLD Packing">
<CYPRESSTAG name="PLD Packing Summary">
No PLDs were packed.
</CYPRESSTAG>
PLD Packing: Elapsed time ==> 0s.033ms
</CYPRESSTAG>
<CYPRESSTAG name="Partitioning">
<CYPRESSTAG name="Initial Partitioning Summary">
Initial Partitioning Summary not displayed at this verbose level.</CYPRESSTAG>
<CYPRESSTAG name="Final Partitioning Summary">
Final Partitioning Summary not displayed at this verbose level.</CYPRESSTAG>
Partitioning: Elapsed time ==> 0s.128ms
</CYPRESSTAG>
<CYPRESSTAG name="Final Placement Summary">

------------------------------------------------------------
Final Placement Summary
------------------------------------------------------------

       Resource Type :      Count : Avg Inputs : Avg Outputs
    ========================================================
                 UDB :          0 :       0.00 :       0.00
<CYPRESSTAG name="Final Placement Details">
<CYPRESSTAG name="Component Details">

------------------------------------------------------------
Component Placement Details
------------------------------------------------------------
UDB [UDB=(0,0)] is empty.
UDB [UDB=(0,1)] is empty.
UDB [UDB=(0,2)] is empty.
UDB [UDB=(0,3)] is empty.
UDB [UDB=(0,4)] is empty.
UDB [UDB=(0,5)] is empty.
UDB [UDB=(1,0)] is empty.
UDB [UDB=(1,1)] is empty.
UDB [UDB=(1,2)] is empty.
UDB [UDB=(1,3)] is empty.
UDB [UDB=(1,4)] is empty.
UDB [UDB=(1,5)] is empty.
UDB [UDB=(2,0)] is empty.
UDB [UDB=(2,1)] is empty.
UDB [UDB=(2,2)] is empty.
UDB [UDB=(2,3)] is empty.
UDB [UDB=(2,4)] is empty.
UDB [UDB=(2,5)] is empty.
UDB [UDB=(3,0)] is empty.
UDB [UDB=(3,1)] is empty.
UDB [UDB=(3,2)] is empty.
UDB [UDB=(3,3)] is empty.
UDB [UDB=(3,4)] is empty.
UDB [UDB=(3,5)] is empty.
Intr container @ [IntrContainer=(0)]: empty
Drq container @ [DrqContainer=(0)]: empty
Port 0 contains the following IO cells:
[IoId=0]: 
Pin : Name = LDR(0)
    Attributes:
        In Group/Port: True
        In Sync Option: AUTO
        Out Sync Option: AUTO
        Interrupt generated: False
        Interrupt mode: NONE
        Drive mode: HI_Z_ANALOG
        VTrip: EITHER
        Slew: FAST
        Input Sync needed: False
        Output Sync needed: False
        SC shield enabled: False
        POR State: ANY
        LCD Mode: COMMON
        Register Mode: RegComb
        CaSense Mode: NEITHER
        Treat as pin: True
        Is OE Registered: False
        Uses Analog: True
        Can contain Digital: False
        Is SIO: False
        SIO Output Buf: NONREGULATED
        SIO Input Buf: SINGLE_ENDED
        SIO HiFreq: LOW
        SIO Hyst: DISABLED
        SIO Vtrip: MULTIPLIER_0_5
        SIO Multiplier Index: 0
        SIO RefSel: VCC_IO
        Required Capabilities: ANALOG
        Initial Value: 0
        IO Voltage: 0
    PORT MAP (
        pa_out => LDR(0)__PA ,
        analog_term => Net_27 ,
        pad => LDR(0)_PAD );
    Properties:
    {
    }

Port 1 contains the following IO cells:
Port 2 contains the following IO cells:
Port 3 contains the following IO cells:
Port 4 contains the following IO cells:
Port 5 contains the following IO cells:
Port 6 contains the following IO cells:
[IoId=2]: 
Pin : Name = LED4(0)
    Attributes:
        In Group/Port: True
        In Sync Option: AUTO
        Out Sync Option: NOSYNC
        Interrupt generated: False
        Interrupt mode: NONE
        Drive mode: CMOS_OUT
        VTrip: EITHER
        Slew: FAST
        Input Sync needed: False
        Output Sync needed: False
        SC shield enabled: False
        POR State: ANY
        LCD Mode: COMMON
        Register Mode: RegComb
        CaSense Mode: NEITHER
        Treat as pin: True
        Is OE Registered: False
        Uses Analog: False
        Can contain Digital: True
        Is SIO: False
        SIO Output Buf: NONREGULATED
        SIO Input Buf: SINGLE_ENDED
        SIO HiFreq: LOW
        SIO Hyst: DISABLED
        SIO Vtrip: MULTIPLIER_0_5
        SIO Multiplier Index: 0
        SIO RefSel: VCC_IO
        Required Capabilities: DIGITAL, ROUTABLE
        Initial Value: 0
        IO Voltage: 0
    PORT MAP (
        pa_out => LED4(0)__PA ,
        pin_input => Net_72 ,
        pad => LED4(0)_PAD );
    Properties:
    {
    }

[IoId=3]: 
Pin : Name = LED3(0)
    Attributes:
        In Group/Port: True
        In Sync Option: AUTO
        Out Sync Option: NOSYNC
        Interrupt generated: False
        Interrupt mode: NONE
        Drive mode: CMOS_OUT
        VTrip: EITHER
        Slew: FAST
        Input Sync needed: False
        Output Sync needed: False
        SC shield enabled: False
        POR State: ANY
        LCD Mode: COMMON
        Register Mode: RegComb
        CaSense Mode: NEITHER
        Treat as pin: True
        Is OE Registered: False
        Uses Analog: False
        Can contain Digital: True
        Is SIO: False
        SIO Output Buf: NONREGULATED
        SIO Input Buf: SINGLE_ENDED
        SIO HiFreq: LOW
        SIO Hyst: DISABLED
        SIO Vtrip: MULTIPLIER_0_5
        SIO Multiplier Index: 0
        SIO RefSel: VCC_IO
        Required Capabilities: DIGITAL, ROUTABLE
        Initial Value: 0
        IO Voltage: 0
    PORT MAP (
        pa_out => LED3(0)__PA ,
        pin_input => Net_74 ,
        pad => LED3(0)_PAD );
    Properties:
    {
    }

Port 12 contains the following IO cells:
Port 15 contains the following IO cells:
ARM group 0: empty
CAN group 0: empty
Cache group 0: empty
CapSense group 0: empty
Clock group 0: 
    Clock Block @ F(Clock,0): 
    clockblockcell: Name =ClockBlock
        PORT MAP (
            imo => ClockBlock_IMO ,
            pllout => ClockBlock_PLL_OUT ,
            ilo => ClockBlock_ILO ,
            clk_100k => ClockBlock_100k ,
            clk_1k => ClockBlock_1k ,
            clk_32k => ClockBlock_32k ,
            xtal => ClockBlock_XTAL ,
            clk_32k_xtal => ClockBlock_XTAL_32KHZ ,
            clk_sync => ClockBlock_MASTER_CLK ,
            clk_bus_glb => ClockBlock_BUS_CLK ,
            clk_bus => ClockBlock_BUS_CLK_local );
        Properties:
        {
        }
Comparator group 0: 
    Comparator Block @ F(Comparator,1): 
    comparatorcell: Name =\Comp_2:ctComp\
        PORT MAP (
            vplus => Net_27 ,
            vminus => Net_49 ,
            out => Net_74 );
        Properties:
        {
            cy_registers = ""
        }
    Comparator Block @ F(Comparator,2): 
    comparatorcell: Name =\Comp_1:ctComp\
        PORT MAP (
            vplus => Net_27 ,
            vminus => Net_56 ,
            out => Net_72 );
        Properties:
        {
            cy_registers = ""
        }
DFB group 0: empty
DSM group 0: empty
Decimator group 0: empty
EMIF group 0: empty
I2C group 0: empty
LCD group 0: empty
LVD group 0: empty
PICU group 0: empty
PM group 0: empty
SC group 0: empty
SPC group 0: empty
Timer group 0: empty
USB group 0: empty
VIDAC group 0: 
    VIDAC Block @ F(VIDAC,1): 
    vidaccell: Name =\VDAC8_2:viDAC8\
        PORT MAP (
            vout => Net_49 ,
            iout => \VDAC8_2:Net_77\ );
        Properties:
        {
            cy_registers = ""
            is_all_if_any = 0
            reg_data = 0
        }
    VIDAC Block @ F(VIDAC,2): 
    vidaccell: Name =\VDAC8_1:viDAC8\
        PORT MAP (
            vout => Net_56 ,
            iout => \VDAC8_1:Net_77\ );
        Properties:
        {
            cy_registers = ""
            is_all_if_any = 0
            reg_data = 0
        }
    VIDAC Block @ F(VIDAC,3): 
    vidaccell: Name =\IDAC8:viDAC8\
        PORT MAP (
            vout => \IDAC8:Net_124\ ,
            iout => Net_27 );
        Properties:
        {
            cy_registers = ""
            is_all_if_any = 0
            reg_data = 0
        }
OpAmp group 0: empty
CsAbuf group 0: empty
Vref group 0: empty
LPF group 0: empty
SAR group 0: empty
ANAIF group 0: empty
PHUB group 0: empty
</CYPRESSTAG>
<CYPRESSTAG name="Port Configuration Details">

------------------------------------------------------------
Port Configuration report
------------------------------------------------------------
     |     |       | Interrupt |                  |         | 
Port | Pin | Fixed |      Type |       Drive Mode |    Name | Connections
-----+-----+-------+-----------+------------------+---------+---------------
   0 |   0 |     * |      NONE |      HI_Z_ANALOG |  LDR(0) | Analog(Net_27)
-----+-----+-------+-----------+------------------+---------+---------------
   6 |   2 |     * |      NONE |         CMOS_OUT | LED4(0) | In(Net_72)
     |   3 |     * |      NONE |         CMOS_OUT | LED3(0) | In(Net_74)
----------------------------------------------------------------------------
</CYPRESSTAG>
</CYPRESSTAG>
</CYPRESSTAG>
Digital component placer commit/Report: Elapsed time ==> 0s.024ms
Digital Placement phase: Elapsed time ==> 1s.685ms
</CYPRESSTAG>
<CYPRESSTAG name="Digital Routing">
"C:\Program Files (x86)\Cypress\PSoC Creator\4.4\PSoC Creator\bin/sjrouter.exe" --xml-path "C:\Program Files (x86)\Cypress\PSoC Creator\4.4\PSoC Creator\dev\psoc5/psoc5lp/route_arch-rrg.cydata" --vh2-path "Capteur_LDR_r.vh2" --pcf-path "Capteur_LDR.pco" --des-name "Capteur_LDR" --dsf-path "Capteur_LDR.dsf" --sdc-path "Capteur_LDR.sdc" --lib-path "Capteur_LDR_r.lib"
Routing successful.
Digital Routing phase: Elapsed time ==> 2s.062ms
</CYPRESSTAG>
<CYPRESSTAG name="Bitstream Generation">
Bitstream Generation phase: Elapsed time ==> 0s.449ms
</CYPRESSTAG>
<CYPRESSTAG name="Bitstream Verification">
Bitstream Verification phase: Elapsed time ==> 0s.131ms
</CYPRESSTAG>
<CYPRESSTAG name="Static timing analysis">
Timing report is in Capteur_LDR_timing.html.
Static timing analysis phase: Elapsed time ==> 0s.643ms
</CYPRESSTAG>
<CYPRESSTAG name="Data reporting">
Data reporting phase: Elapsed time ==> 0s.002ms
</CYPRESSTAG>
<CYPRESSTAG name="Database update...">
Design database save phase: Elapsed time ==> 0s.179ms
</CYPRESSTAG>
cydsfit: Elapsed time ==> 7s.813ms
</CYPRESSTAG>
Fitter phase: Elapsed time ==> 7s.822ms
API generation phase: Elapsed time ==> 1s.367ms
Dependency generation phase: Elapsed time ==> 0s.018ms
Cleanup phase: Elapsed time ==> 0s.003ms
