--------------- Build Started: 01/18/2021 14:35:11 Project: Capteur_LDR_LCD, Configuration: ARM GCC 5.4-2016-q2-update Debug ---------------
cydsfit.exe -.appdatapath "C:\Users\Guillaume\AppData\Local\Cypress Semiconductor\PSoC Creator\4.4" -.fdsnotice -.fdswarpdepfile=warp_dependencies.txt -.fdselabdepfile=elab_dependencies.txt -.fdsbldfile=generated_files.txt -.fdsreffile=referenced_files.txt -p D:\Users\Guillaume\Desktop\BE_Capteurs-main\WorkspaceCapteur\Capteur_LDR_LCD.cydsn\Capteur_LDR_LCD.cyprj -d CY8C5868AXI-LP035 -s D:\Users\Guillaume\Desktop\BE_Capteurs-main\WorkspaceCapteur\Capteur_LDR_LCD.cydsn\Generated_Source\PSoC5 -- -yv2 -q10 -ygs -o2 -v3 -.fftcfgtype=LE
Elaborating Design...
ADD: sdb.M0065: information: Analog terminal "vdac_ref" on ADC_SAR_SEQ_v2_10 is unconnected.
 * D:\Program Files (x86)\Cypress\PSoC Creator\4.4\PSoC Creator\psoc\content\CyComponentLibrary\CyComponentLibrary.cylib\ADC_SAR_SEQ_v2_10\PSoC5\ADC_SAR_SEQ_v2_10.cysch (Signal: vdac_ref)
 * D:\Program Files (x86)\Cypress\PSoC Creator\4.4\PSoC Creator\psoc\content\CyComponentLibrary\CyComponentLibrary.cylib\ADC_SAR_SEQ_v2_10\PSoC5\ADC_SAR_SEQ_v2_10.cysch (Shape_798)
 * D:\Program Files (x86)\Cypress\PSoC Creator\4.4\PSoC Creator\psoc\content\CyComponentLibrary\CyComponentLibrary.cylib\ADC_SAR_SEQ_v2_10\PSoC5\ADC_SAR_SEQ_v2_10.cysch (Shape_885)
HDL Generation...
Synthesis...
Tech Mapping...
Analog Placement...
Info: apr.M0002: Analog signal "Net_157" is connected to one terminal only. (App=cydsfit)
Info: apr.M0002: Analog signal "Net_158" is connected to one terminal only. (App=cydsfit)
Info: apr.M0002: Analog signal "Net_160" is connected to one terminal only. (App=cydsfit)
Info: apr.M0002: Analog signal "Net_162" is connected to one terminal only. (App=cydsfit)
Info: apr.M0002: Analog signal "Net_163" is connected to one terminal only. (App=cydsfit)
Info: apr.M0002: Analog signal "Net_165" is connected to one terminal only. (App=cydsfit)
Info: apr.M0002: Analog signal "Net_167" is connected to one terminal only. (App=cydsfit)
Info: apr.M0002: Analog signal "Net_168" is connected to one terminal only. (App=cydsfit)
Info: apr.M0002: Analog signal "Net_170" is connected to one terminal only. (App=cydsfit)
Info: apr.M0002: Analog signal "Net_172" is connected to one terminal only. (App=cydsfit)
Info: apr.M0002: Analog signal "Net_173" is connected to one terminal only. (App=cydsfit)
Info: apr.M0002: Analog signal "Net_175" is connected to one terminal only. (App=cydsfit)
Info: apr.M0002: Analog signal "Net_177" is connected to one terminal only. (App=cydsfit)
Info: apr.M0002: Analog signal "Net_178" is connected to one terminal only. (App=cydsfit)
Info: apr.M0002: Analog signal "Net_180" is connected to one terminal only. (App=cydsfit)
Info: apr.M0002: Analog signal "Net_182" is connected to one terminal only. (App=cydsfit)
Info: apr.M0002: Analog signal "Net_183" is connected to one terminal only. (App=cydsfit)
Info: apr.M0002: Analog signal "Net_185" is connected to one terminal only. (App=cydsfit)
Info: apr.M0002: Analog signal "Net_187" is connected to one terminal only. (App=cydsfit)
Info: apr.M0002: Analog signal "Net_188" is connected to one terminal only. (App=cydsfit)
Info: apr.M0002: Analog signal "Net_190" is connected to one terminal only. (App=cydsfit)
Info: apr.M0002: Analog signal "Net_192" is connected to one terminal only. (App=cydsfit)
Info: apr.M0002: Analog signal "Net_193" is connected to one terminal only. (App=cydsfit)
Info: apr.M0002: Analog signal "Net_195" is connected to one terminal only. (App=cydsfit)
Info: apr.M0002: Analog signal "Net_197" is connected to one terminal only. (App=cydsfit)
Info: apr.M0002: Analog signal "Net_198" is connected to one terminal only. (App=cydsfit)
Info: apr.M0002: Analog signal "Net_200" is connected to one terminal only. (App=cydsfit)
Info: apr.M0002: Analog signal "Net_202" is connected to one terminal only. (App=cydsfit)
Info: apr.M0002: Analog signal "Net_203" is connected to one terminal only. (App=cydsfit)
Info: apr.M0002: Analog signal "Net_205" is connected to one terminal only. (App=cydsfit)
Info: apr.M0002: Analog signal "Net_207" is connected to one terminal only. (App=cydsfit)
Info: apr.M0002: Analog signal "Net_208" is connected to one terminal only. (App=cydsfit)
Info: apr.M0002: Analog signal "Net_210" is connected to one terminal only. (App=cydsfit)
Info: apr.M0002: Analog signal "Net_212" is connected to one terminal only. (App=cydsfit)
Info: apr.M0002: Analog signal "Net_213" is connected to one terminal only. (App=cydsfit)
Info: apr.M0002: Analog signal "Net_215" is connected to one terminal only. (App=cydsfit)
Info: apr.M0002: Analog signal "Net_217" is connected to one terminal only. (App=cydsfit)
Info: apr.M0002: Analog signal "Net_218" is connected to one terminal only. (App=cydsfit)
Info: apr.M0002: Analog signal "Net_220" is connected to one terminal only. (App=cydsfit)
Info: apr.M0002: Analog signal "Net_222" is connected to one terminal only. (App=cydsfit)
Info: apr.M0002: Analog signal "Net_223" is connected to one terminal only. (App=cydsfit)
Info: apr.M0002: Analog signal "Net_225" is connected to one terminal only. (App=cydsfit)
Info: apr.M0002: Analog signal "Net_227" is connected to one terminal only. (App=cydsfit)
Info: apr.M0002: Analog signal "Net_228" is connected to one terminal only. (App=cydsfit)
Info: apr.M0002: Analog signal "Net_230" is connected to one terminal only. (App=cydsfit)
Info: apr.M0002: Analog signal "Net_232" is connected to one terminal only. (App=cydsfit)
Info: apr.M0002: Analog signal "Net_233" is connected to one terminal only. (App=cydsfit)
Info: apr.M0002: Analog signal "Net_234" is connected to one terminal only. (App=cydsfit)
Info: apr.M0002: Analog signal "Net_235" is connected to one terminal only. (App=cydsfit)
Info: apr.M0002: Analog signal "Net_236" is connected to one terminal only. (App=cydsfit)
Info: apr.M0002: Analog signal "Net_237" is connected to one terminal only. (App=cydsfit)
Info: apr.M0002: Analog signal "Net_238" is connected to one terminal only. (App=cydsfit)
Info: apr.M0002: Analog signal "Net_239" is connected to one terminal only. (App=cydsfit)
Info: apr.M0002: Analog signal "Net_240" is connected to one terminal only. (App=cydsfit)
Info: apr.M0002: Analog signal "Net_241" is connected to one terminal only. (App=cydsfit)
Info: apr.M0002: Analog signal "Net_242" is connected to one terminal only. (App=cydsfit)
Info: apr.M0002: Analog signal "Net_243" is connected to one terminal only. (App=cydsfit)
Info: apr.M0002: Analog signal "Net_244" is connected to one terminal only. (App=cydsfit)
Info: apr.M0002: Analog signal "Net_245" is connected to one terminal only. (App=cydsfit)
Info: apr.M0002: Analog signal "Net_246" is connected to one terminal only. (App=cydsfit)
Info: apr.M0002: Analog signal "Net_247" is connected to one terminal only. (App=cydsfit)
Info: apr.M0002: Analog signal "Net_248" is connected to one terminal only. (App=cydsfit)
Log: apr.M0058: The analog placement iterative improvement is 53% done. (App=cydsfit)
Analog Routing...
Analog Code Generation...
Digital Placement...
Digital Routing...
Bitstream Generation...
Bitstream Verification...
Static timing analysis...
API Generation...
Dependency Generation...
Cleanup...
--------------- Build Skipped: 01/18/2021 14:35:25 ---------------
