ARM GAS  C:\Users\GUILLA~1\AppData\Local\Temp\ccKHd6dc.s 			page 1


   1              		.syntax unified
   2              		.cpu cortex-m3
   3              		.fpu softvfp
   4              		.eabi_attribute 20, 1
   5              		.eabi_attribute 21, 1
   6              		.eabi_attribute 23, 3
   7              		.eabi_attribute 24, 1
   8              		.eabi_attribute 25, 1
   9              		.eabi_attribute 26, 1
  10              		.eabi_attribute 30, 1
  11              		.eabi_attribute 34, 1
  12              		.eabi_attribute 18, 4
  13              		.thumb
  14              		.syntax unified
  15              		.file	"main.c"
  16              		.text
  17              	.Ltext0:
  18              		.cfi_sections	.debug_frame
  19              		.section	.text.main,"ax",%progbits
  20              		.align	2
  21              		.global	main
  22              		.thumb
  23              		.thumb_func
  24              		.type	main, %function
  25              	main:
  26              	.LFB64:
  27              		.file 1 "main.c"
   1:main.c        **** /* ========================================
   2:main.c        ****  *
   3:main.c        ****  * Copyright YOUR COMPANY, THE YEAR
   4:main.c        ****  * All Rights Reserved
   5:main.c        ****  * UNPUBLISHED, LICENSED SOFTWARE.
   6:main.c        ****  *
   7:main.c        ****  * CONFIDENTIAL AND PROPRIETARY INFORMATION
   8:main.c        ****  * WHICH IS THE PROPERTY OF your company.
   9:main.c        ****  *
  10:main.c        ****  * ========================================
  11:main.c        **** */
  12:main.c        **** #include "project.h"
  13:main.c        **** #include <stdio.h>
  14:main.c        **** 
  15:main.c        **** int main(void)
  16:main.c        **** {
  28              		.loc 1 16 0
  29              		.cfi_startproc
  30              		@ args = 0, pretend = 0, frame = 32
  31              		@ frame_needed = 0, uses_anonymous_args = 0
  32 0000 70B5     		push	{r4, r5, r6, lr}
  33              		.cfi_def_cfa_offset 16
  34              		.cfi_offset 4, -16
  35              		.cfi_offset 5, -12
  36              		.cfi_offset 6, -8
  37              		.cfi_offset 14, -4
  38 0002 88B0     		sub	sp, sp, #32
  39              		.cfi_def_cfa_offset 48
  17:main.c        ****     CyGlobalIntEnable; /* Enable global interrupts. */
  40              		.loc 1 17 0
ARM GAS  C:\Users\GUILLA~1\AppData\Local\Temp\ccKHd6dc.s 			page 2


  41              		.syntax unified
  42              	@ 17 "main.c" 1
  43 0004 62B6     		CPSIE   i
  44              	@ 0 "" 2
  18:main.c        ****     IDAC8_Start();
  45              		.loc 1 18 0
  46              		.thumb
  47              		.syntax unified
  48 0006 FFF7FEFF 		bl	IDAC8_Start
  49              	.LVL0:
  19:main.c        ****     
  20:main.c        ****     int16 result1 = 0u;
  21:main.c        ****     int16 result2 = 0u;
  22:main.c        ****     char resultStr1[16u];
  23:main.c        ****     char resultStr2[16u];
  24:main.c        ****     
  25:main.c        ****     /* Start of all components */
  26:main.c        ****     LCD_Start();
  50              		.loc 1 26 0
  51 000a FFF7FEFF 		bl	LCD_Start
  52              	.LVL1:
  27:main.c        ****     LCD_ClearDisplay();
  53              		.loc 1 27 0
  54 000e 0120     		movs	r0, #1
  55 0010 FFF7FEFF 		bl	LCD_WriteControl
  56              	.LVL2:
  28:main.c        **** 
  29:main.c        ****     ADC_SAR_Seq_Start();
  57              		.loc 1 29 0
  58 0014 FFF7FEFF 		bl	ADC_SAR_Seq_Start
  59              	.LVL3:
  30:main.c        ****     ADC_SAR_Seq_StartConvert();
  60              		.loc 1 30 0
  61 0018 FFF7FEFF 		bl	ADC_SAR_Seq_StartConvert
  62              	.LVL4:
  63              	.L2:
  31:main.c        **** 
  32:main.c        ****     
  33:main.c        ****     for(;;) {   
  34:main.c        ****         ADC_SAR_Seq_IsEndConversion(ADC_SAR_Seq_WAIT_FOR_RESULT);
  64              		.loc 1 34 0 discriminator 1
  65 001c 0020     		movs	r0, #0
  66 001e FFF7FEFF 		bl	ADC_SAR_Seq_IsEndConversion
  67              	.LVL5:
  35:main.c        ****         result1 = ADC_SAR_Seq_GetResult16(0u);
  68              		.loc 1 35 0 discriminator 1
  69 0022 0020     		movs	r0, #0
  70 0024 FFF7FEFF 		bl	ADC_SAR_Seq_GetResult16
  71              	.LVL6:
  72 0028 0446     		mov	r4, r0
  73              	.LVL7:
  36:main.c        ****         result2 = ADC_SAR_Seq_GetResult16(1u);
  74              		.loc 1 36 0 discriminator 1
  75 002a 0120     		movs	r0, #1
  76 002c FFF7FEFF 		bl	ADC_SAR_Seq_GetResult16
  77              	.LVL8:
  78 0030 0646     		mov	r6, r0
ARM GAS  C:\Users\GUILLA~1\AppData\Local\Temp\ccKHd6dc.s 			page 3


  79              	.LVL9:
  37:main.c        ****         
  38:main.c        ****         LCD_ClearDisplay();
  80              		.loc 1 38 0 discriminator 1
  81 0032 0120     		movs	r0, #1
  82 0034 FFF7FEFF 		bl	LCD_WriteControl
  83              	.LVL10:
  39:main.c        ****         LCD_Position(0u,0u); 
  84              		.loc 1 39 0 discriminator 1
  85 0038 0021     		movs	r1, #0
  86 003a 0846     		mov	r0, r1
  87 003c FFF7FEFF 		bl	LCD_Position
  88              	.LVL11:
  40:main.c        ****         LCD_PrintString("C1");
  89              		.loc 1 40 0 discriminator 1
  90 0040 1148     		ldr	r0, .L4
  91 0042 FFF7FEFF 		bl	LCD_PrintString
  92              	.LVL12:
  41:main.c        ****         sprintf((char *)resultStr1," %d",result1);
  93              		.loc 1 41 0 discriminator 1
  94 0046 114D     		ldr	r5, .L4+4
  95 0048 2246     		mov	r2, r4
  96 004a 2946     		mov	r1, r5
  97 004c 04A8     		add	r0, sp, #16
  98 004e FFF7FEFF 		bl	sprintf
  99              	.LVL13:
  42:main.c        ****         LCD_PrintString(resultStr1);
 100              		.loc 1 42 0 discriminator 1
 101 0052 04A8     		add	r0, sp, #16
 102 0054 FFF7FEFF 		bl	LCD_PrintString
 103              	.LVL14:
  43:main.c        ****         
  44:main.c        ****         LCD_Position(1u,0u); 
 104              		.loc 1 44 0 discriminator 1
 105 0058 0021     		movs	r1, #0
 106 005a 0120     		movs	r0, #1
 107 005c FFF7FEFF 		bl	LCD_Position
 108              	.LVL15:
  45:main.c        ****         LCD_PrintString("C2");
 109              		.loc 1 45 0 discriminator 1
 110 0060 0B48     		ldr	r0, .L4+8
 111 0062 FFF7FEFF 		bl	LCD_PrintString
 112              	.LVL16:
  46:main.c        ****         sprintf((char *)resultStr2," %d",result2);
 113              		.loc 1 46 0 discriminator 1
 114 0066 3246     		mov	r2, r6
 115 0068 2946     		mov	r1, r5
 116 006a 6846     		mov	r0, sp
 117 006c FFF7FEFF 		bl	sprintf
 118              	.LVL17:
  47:main.c        ****         LCD_PrintString(resultStr2);
 119              		.loc 1 47 0 discriminator 1
 120 0070 6846     		mov	r0, sp
 121 0072 FFF7FEFF 		bl	LCD_PrintString
 122              	.LVL18:
  48:main.c        ****         
  49:main.c        ****         Control_Reg_1_Write(result1>>8);
ARM GAS  C:\Users\GUILLA~1\AppData\Local\Temp\ccKHd6dc.s 			page 4


 123              		.loc 1 49 0 discriminator 1
 124 0076 C4F30720 		ubfx	r0, r4, #8, #8
 125 007a FFF7FEFF 		bl	Control_Reg_1_Write
 126              	.LVL19:
  50:main.c        ****         
  51:main.c        ****         
  52:main.c        ****         CyDelay(100u);
 127              		.loc 1 52 0 discriminator 1
 128 007e 6420     		movs	r0, #100
 129 0080 FFF7FEFF 		bl	CyDelay
 130              	.LVL20:
 131 0084 CAE7     		b	.L2
 132              	.L5:
 133 0086 00BF     		.align	2
 134              	.L4:
 135 0088 00000000 		.word	.LC0
 136 008c 04000000 		.word	.LC1
 137 0090 08000000 		.word	.LC2
 138              		.cfi_endproc
 139              	.LFE64:
 140              		.size	main, .-main
 141              		.section	.rodata.str1.4,"aMS",%progbits,1
 142              		.align	2
 143              	.LC0:
 144 0000 433100   		.ascii	"C1\000"
 145 0003 00       		.space	1
 146              	.LC1:
 147 0004 20256400 		.ascii	" %d\000"
 148              	.LC2:
 149 0008 433200   		.ascii	"C2\000"
 150              		.text
 151              	.Letext0:
 152              		.file 2 "d:\\program files (x86)\\cypress\\psoc creator\\4.4\\psoc creator\\import\\gnu\\arm\\5.4.
 153              		.file 3 "d:\\program files (x86)\\cypress\\psoc creator\\4.4\\psoc creator\\import\\gnu\\arm\\5.4.
 154              		.file 4 "Generated_Source\\PSoC5/cytypes.h"
 155              		.file 5 "Generated_Source\\PSoC5/IDAC8.h"
 156              		.file 6 "Generated_Source\\PSoC5/LCD.h"
 157              		.file 7 "Generated_Source\\PSoC5/ADC_SAR_Seq.h"
 158              		.file 8 "d:\\program files (x86)\\cypress\\psoc creator\\4.4\\psoc creator\\import\\gnu\\arm\\5.4.
 159              		.file 9 "Generated_Source\\PSoC5/Control_Reg_1.h"
 160              		.file 10 "Generated_Source\\PSoC5/CyLib.h"
 161              		.file 11 "Generated_Source\\PSoC5/core_cm3.h"
 162              		.section	.debug_info,"",%progbits
 163              	.Ldebug_info0:
 164 0000 19030000 		.4byte	0x319
 165 0004 0400     		.2byte	0x4
 166 0006 00000000 		.4byte	.Ldebug_abbrev0
 167 000a 04       		.byte	0x4
 168 000b 01       		.uleb128 0x1
 169 000c 6D000000 		.4byte	.LASF33
 170 0010 0C       		.byte	0xc
 171 0011 10020000 		.4byte	.LASF34
 172 0015 1C020000 		.4byte	.LASF35
 173 0019 00000000 		.4byte	.Ldebug_ranges0+0
 174 001d 00000000 		.4byte	0
 175 0021 00000000 		.4byte	.Ldebug_line0
 176 0025 02       		.uleb128 0x2
ARM GAS  C:\Users\GUILLA~1\AppData\Local\Temp\ccKHd6dc.s 			page 5


 177 0026 01       		.byte	0x1
 178 0027 06       		.byte	0x6
 179 0028 8E020000 		.4byte	.LASF0
 180 002c 02       		.uleb128 0x2
 181 002d 01       		.byte	0x1
 182 002e 08       		.byte	0x8
 183 002f 33010000 		.4byte	.LASF1
 184 0033 02       		.uleb128 0x2
 185 0034 02       		.byte	0x2
 186 0035 05       		.byte	0x5
 187 0036 6F020000 		.4byte	.LASF2
 188 003a 02       		.uleb128 0x2
 189 003b 02       		.byte	0x2
 190 003c 07       		.byte	0x7
 191 003d 13010000 		.4byte	.LASF3
 192 0041 03       		.uleb128 0x3
 193 0042 21000000 		.4byte	.LASF9
 194 0046 02       		.byte	0x2
 195 0047 3F       		.byte	0x3f
 196 0048 4C000000 		.4byte	0x4c
 197 004c 02       		.uleb128 0x2
 198 004d 04       		.byte	0x4
 199 004e 05       		.byte	0x5
 200 004f 79020000 		.4byte	.LASF4
 201 0053 02       		.uleb128 0x2
 202 0054 04       		.byte	0x4
 203 0055 07       		.byte	0x7
 204 0056 01010000 		.4byte	.LASF5
 205 005a 02       		.uleb128 0x2
 206 005b 08       		.byte	0x8
 207 005c 05       		.byte	0x5
 208 005d 02020000 		.4byte	.LASF6
 209 0061 02       		.uleb128 0x2
 210 0062 08       		.byte	0x8
 211 0063 07       		.byte	0x7
 212 0064 8F010000 		.4byte	.LASF7
 213 0068 04       		.uleb128 0x4
 214 0069 04       		.byte	0x4
 215 006a 05       		.byte	0x5
 216 006b 696E7400 		.ascii	"int\000"
 217 006f 02       		.uleb128 0x2
 218 0070 04       		.byte	0x4
 219 0071 07       		.byte	0x7
 220 0072 82010000 		.4byte	.LASF8
 221 0076 03       		.uleb128 0x3
 222 0077 F1010000 		.4byte	.LASF10
 223 007b 03       		.byte	0x3
 224 007c 2C       		.byte	0x2c
 225 007d 41000000 		.4byte	0x41
 226 0081 05       		.uleb128 0x5
 227 0082 FB000000 		.4byte	.LASF11
 228 0086 04       		.byte	0x4
 229 0087 EC01     		.2byte	0x1ec
 230 0089 33000000 		.4byte	0x33
 231 008d 02       		.uleb128 0x2
 232 008e 04       		.byte	0x4
 233 008f 04       		.byte	0x4
ARM GAS  C:\Users\GUILLA~1\AppData\Local\Temp\ccKHd6dc.s 			page 6


 234 0090 41000000 		.4byte	.LASF12
 235 0094 02       		.uleb128 0x2
 236 0095 08       		.byte	0x8
 237 0096 04       		.byte	0x4
 238 0097 41010000 		.4byte	.LASF13
 239 009b 02       		.uleb128 0x2
 240 009c 01       		.byte	0x1
 241 009d 08       		.byte	0x8
 242 009e 17020000 		.4byte	.LASF14
 243 00a2 02       		.uleb128 0x2
 244 00a3 08       		.byte	0x8
 245 00a4 04       		.byte	0x4
 246 00a5 82020000 		.4byte	.LASF15
 247 00a9 02       		.uleb128 0x2
 248 00aa 04       		.byte	0x4
 249 00ab 07       		.byte	0x7
 250 00ac F9010000 		.4byte	.LASF16
 251 00b0 06       		.uleb128 0x6
 252 00b1 54010000 		.4byte	.LASF36
 253 00b5 01       		.byte	0x1
 254 00b6 0F       		.byte	0xf
 255 00b7 68000000 		.4byte	0x68
 256 00bb 00000000 		.4byte	.LFB64
 257 00bf 94000000 		.4byte	.LFE64-.LFB64
 258 00c3 01       		.uleb128 0x1
 259 00c4 9C       		.byte	0x9c
 260 00c5 77020000 		.4byte	0x277
 261 00c9 07       		.uleb128 0x7
 262 00ca 00000000 		.4byte	.LASF17
 263 00ce 01       		.byte	0x1
 264 00cf 14       		.byte	0x14
 265 00d0 81000000 		.4byte	0x81
 266 00d4 00000000 		.4byte	.LLST0
 267 00d8 07       		.uleb128 0x7
 268 00d9 08000000 		.4byte	.LASF18
 269 00dd 01       		.byte	0x1
 270 00de 15       		.byte	0x15
 271 00df 81000000 		.4byte	0x81
 272 00e3 1F000000 		.4byte	.LLST1
 273 00e7 08       		.uleb128 0x8
 274 00e8 2B000000 		.4byte	.LASF19
 275 00ec 01       		.byte	0x1
 276 00ed 16       		.byte	0x16
 277 00ee 77020000 		.4byte	0x277
 278 00f2 02       		.uleb128 0x2
 279 00f3 91       		.byte	0x91
 280 00f4 60       		.sleb128 -32
 281 00f5 08       		.uleb128 0x8
 282 00f6 36000000 		.4byte	.LASF20
 283 00fa 01       		.byte	0x1
 284 00fb 17       		.byte	0x17
 285 00fc 77020000 		.4byte	0x277
 286 0100 02       		.uleb128 0x2
 287 0101 91       		.byte	0x91
 288 0102 50       		.sleb128 -48
 289 0103 09       		.uleb128 0x9
 290 0104 0A000000 		.4byte	.LVL0
ARM GAS  C:\Users\GUILLA~1\AppData\Local\Temp\ccKHd6dc.s 			page 7


 291 0108 98020000 		.4byte	0x298
 292 010c 09       		.uleb128 0x9
 293 010d 0E000000 		.4byte	.LVL1
 294 0111 A3020000 		.4byte	0x2a3
 295 0115 0A       		.uleb128 0xa
 296 0116 14000000 		.4byte	.LVL2
 297 011a AE020000 		.4byte	0x2ae
 298 011e 28010000 		.4byte	0x128
 299 0122 0B       		.uleb128 0xb
 300 0123 01       		.uleb128 0x1
 301 0124 50       		.byte	0x50
 302 0125 01       		.uleb128 0x1
 303 0126 31       		.byte	0x31
 304 0127 00       		.byte	0
 305 0128 09       		.uleb128 0x9
 306 0129 18000000 		.4byte	.LVL3
 307 012d B9020000 		.4byte	0x2b9
 308 0131 09       		.uleb128 0x9
 309 0132 1C000000 		.4byte	.LVL4
 310 0136 C4020000 		.4byte	0x2c4
 311 013a 0A       		.uleb128 0xa
 312 013b 22000000 		.4byte	.LVL5
 313 013f CF020000 		.4byte	0x2cf
 314 0143 4D010000 		.4byte	0x14d
 315 0147 0B       		.uleb128 0xb
 316 0148 01       		.uleb128 0x1
 317 0149 50       		.byte	0x50
 318 014a 01       		.uleb128 0x1
 319 014b 30       		.byte	0x30
 320 014c 00       		.byte	0
 321 014d 0A       		.uleb128 0xa
 322 014e 28000000 		.4byte	.LVL6
 323 0152 DA020000 		.4byte	0x2da
 324 0156 60010000 		.4byte	0x160
 325 015a 0B       		.uleb128 0xb
 326 015b 01       		.uleb128 0x1
 327 015c 50       		.byte	0x50
 328 015d 01       		.uleb128 0x1
 329 015e 30       		.byte	0x30
 330 015f 00       		.byte	0
 331 0160 0A       		.uleb128 0xa
 332 0161 30000000 		.4byte	.LVL8
 333 0165 DA020000 		.4byte	0x2da
 334 0169 73010000 		.4byte	0x173
 335 016d 0B       		.uleb128 0xb
 336 016e 01       		.uleb128 0x1
 337 016f 50       		.byte	0x50
 338 0170 01       		.uleb128 0x1
 339 0171 31       		.byte	0x31
 340 0172 00       		.byte	0
 341 0173 0A       		.uleb128 0xa
 342 0174 38000000 		.4byte	.LVL10
 343 0178 AE020000 		.4byte	0x2ae
 344 017c 86010000 		.4byte	0x186
 345 0180 0B       		.uleb128 0xb
 346 0181 01       		.uleb128 0x1
 347 0182 50       		.byte	0x50
ARM GAS  C:\Users\GUILLA~1\AppData\Local\Temp\ccKHd6dc.s 			page 8


 348 0183 01       		.uleb128 0x1
 349 0184 31       		.byte	0x31
 350 0185 00       		.byte	0
 351 0186 0A       		.uleb128 0xa
 352 0187 40000000 		.4byte	.LVL11
 353 018b E5020000 		.4byte	0x2e5
 354 018f 9E010000 		.4byte	0x19e
 355 0193 0B       		.uleb128 0xb
 356 0194 01       		.uleb128 0x1
 357 0195 50       		.byte	0x50
 358 0196 01       		.uleb128 0x1
 359 0197 30       		.byte	0x30
 360 0198 0B       		.uleb128 0xb
 361 0199 01       		.uleb128 0x1
 362 019a 51       		.byte	0x51
 363 019b 01       		.uleb128 0x1
 364 019c 30       		.byte	0x30
 365 019d 00       		.byte	0
 366 019e 0A       		.uleb128 0xa
 367 019f 46000000 		.4byte	.LVL12
 368 01a3 F0020000 		.4byte	0x2f0
 369 01a7 B5010000 		.4byte	0x1b5
 370 01ab 0B       		.uleb128 0xb
 371 01ac 01       		.uleb128 0x1
 372 01ad 50       		.byte	0x50
 373 01ae 05       		.uleb128 0x5
 374 01af 03       		.byte	0x3
 375 01b0 00000000 		.4byte	.LC0
 376 01b4 00       		.byte	0
 377 01b5 0A       		.uleb128 0xa
 378 01b6 52000000 		.4byte	.LVL13
 379 01ba FB020000 		.4byte	0x2fb
 380 01be D5010000 		.4byte	0x1d5
 381 01c2 0B       		.uleb128 0xb
 382 01c3 01       		.uleb128 0x1
 383 01c4 50       		.byte	0x50
 384 01c5 02       		.uleb128 0x2
 385 01c6 91       		.byte	0x91
 386 01c7 60       		.sleb128 -32
 387 01c8 0B       		.uleb128 0xb
 388 01c9 01       		.uleb128 0x1
 389 01ca 51       		.byte	0x51
 390 01cb 02       		.uleb128 0x2
 391 01cc 75       		.byte	0x75
 392 01cd 00       		.sleb128 0
 393 01ce 0B       		.uleb128 0xb
 394 01cf 01       		.uleb128 0x1
 395 01d0 52       		.byte	0x52
 396 01d1 02       		.uleb128 0x2
 397 01d2 74       		.byte	0x74
 398 01d3 00       		.sleb128 0
 399 01d4 00       		.byte	0
 400 01d5 0A       		.uleb128 0xa
 401 01d6 58000000 		.4byte	.LVL14
 402 01da F0020000 		.4byte	0x2f0
 403 01de E9010000 		.4byte	0x1e9
 404 01e2 0B       		.uleb128 0xb
ARM GAS  C:\Users\GUILLA~1\AppData\Local\Temp\ccKHd6dc.s 			page 9


 405 01e3 01       		.uleb128 0x1
 406 01e4 50       		.byte	0x50
 407 01e5 02       		.uleb128 0x2
 408 01e6 91       		.byte	0x91
 409 01e7 60       		.sleb128 -32
 410 01e8 00       		.byte	0
 411 01e9 0A       		.uleb128 0xa
 412 01ea 60000000 		.4byte	.LVL15
 413 01ee E5020000 		.4byte	0x2e5
 414 01f2 01020000 		.4byte	0x201
 415 01f6 0B       		.uleb128 0xb
 416 01f7 01       		.uleb128 0x1
 417 01f8 50       		.byte	0x50
 418 01f9 01       		.uleb128 0x1
 419 01fa 31       		.byte	0x31
 420 01fb 0B       		.uleb128 0xb
 421 01fc 01       		.uleb128 0x1
 422 01fd 51       		.byte	0x51
 423 01fe 01       		.uleb128 0x1
 424 01ff 30       		.byte	0x30
 425 0200 00       		.byte	0
 426 0201 0A       		.uleb128 0xa
 427 0202 66000000 		.4byte	.LVL16
 428 0206 F0020000 		.4byte	0x2f0
 429 020a 18020000 		.4byte	0x218
 430 020e 0B       		.uleb128 0xb
 431 020f 01       		.uleb128 0x1
 432 0210 50       		.byte	0x50
 433 0211 05       		.uleb128 0x5
 434 0212 03       		.byte	0x3
 435 0213 08000000 		.4byte	.LC2
 436 0217 00       		.byte	0
 437 0218 0A       		.uleb128 0xa
 438 0219 70000000 		.4byte	.LVL17
 439 021d FB020000 		.4byte	0x2fb
 440 0221 38020000 		.4byte	0x238
 441 0225 0B       		.uleb128 0xb
 442 0226 01       		.uleb128 0x1
 443 0227 50       		.byte	0x50
 444 0228 02       		.uleb128 0x2
 445 0229 7D       		.byte	0x7d
 446 022a 00       		.sleb128 0
 447 022b 0B       		.uleb128 0xb
 448 022c 01       		.uleb128 0x1
 449 022d 51       		.byte	0x51
 450 022e 02       		.uleb128 0x2
 451 022f 75       		.byte	0x75
 452 0230 00       		.sleb128 0
 453 0231 0B       		.uleb128 0xb
 454 0232 01       		.uleb128 0x1
 455 0233 52       		.byte	0x52
 456 0234 02       		.uleb128 0x2
 457 0235 76       		.byte	0x76
 458 0236 00       		.sleb128 0
 459 0237 00       		.byte	0
 460 0238 0A       		.uleb128 0xa
 461 0239 76000000 		.4byte	.LVL18
ARM GAS  C:\Users\GUILLA~1\AppData\Local\Temp\ccKHd6dc.s 			page 10


 462 023d F0020000 		.4byte	0x2f0
 463 0241 4C020000 		.4byte	0x24c
 464 0245 0B       		.uleb128 0xb
 465 0246 01       		.uleb128 0x1
 466 0247 50       		.byte	0x50
 467 0248 02       		.uleb128 0x2
 468 0249 7D       		.byte	0x7d
 469 024a 00       		.sleb128 0
 470 024b 00       		.byte	0
 471 024c 0A       		.uleb128 0xa
 472 024d 7E000000 		.4byte	.LVL19
 473 0251 06030000 		.4byte	0x306
 474 0255 66020000 		.4byte	0x266
 475 0259 0B       		.uleb128 0xb
 476 025a 01       		.uleb128 0x1
 477 025b 50       		.byte	0x50
 478 025c 08       		.uleb128 0x8
 479 025d 74       		.byte	0x74
 480 025e 00       		.sleb128 0
 481 025f 09       		.byte	0x9
 482 0260 F4       		.byte	0xf4
 483 0261 24       		.byte	0x24
 484 0262 09       		.byte	0x9
 485 0263 FC       		.byte	0xfc
 486 0264 25       		.byte	0x25
 487 0265 00       		.byte	0
 488 0266 0C       		.uleb128 0xc
 489 0267 84000000 		.4byte	.LVL20
 490 026b 11030000 		.4byte	0x311
 491 026f 0B       		.uleb128 0xb
 492 0270 01       		.uleb128 0x1
 493 0271 50       		.byte	0x50
 494 0272 02       		.uleb128 0x2
 495 0273 08       		.byte	0x8
 496 0274 64       		.byte	0x64
 497 0275 00       		.byte	0
 498 0276 00       		.byte	0
 499 0277 0D       		.uleb128 0xd
 500 0278 9B000000 		.4byte	0x9b
 501 027c 87020000 		.4byte	0x287
 502 0280 0E       		.uleb128 0xe
 503 0281 A9000000 		.4byte	0xa9
 504 0285 0F       		.byte	0xf
 505 0286 00       		.byte	0
 506 0287 0F       		.uleb128 0xf
 507 0288 26010000 		.4byte	.LASF37
 508 028c 0B       		.byte	0xb
 509 028d 1207     		.2byte	0x712
 510 028f 93020000 		.4byte	0x293
 511 0293 10       		.uleb128 0x10
 512 0294 76000000 		.4byte	0x76
 513 0298 11       		.uleb128 0x11
 514 0299 48010000 		.4byte	.LASF21
 515 029d 48010000 		.4byte	.LASF21
 516 02a1 05       		.byte	0x5
 517 02a2 3C       		.byte	0x3c
 518 02a3 11       		.uleb128 0x11
ARM GAS  C:\Users\GUILLA~1\AppData\Local\Temp\ccKHd6dc.s 			page 11


 519 02a4 47000000 		.4byte	.LASF22
 520 02a8 47000000 		.4byte	.LASF22
 521 02ac 06       		.byte	0x6
 522 02ad 38       		.byte	0x38
 523 02ae 11       		.uleb128 0x11
 524 02af 10000000 		.4byte	.LASF23
 525 02b3 10000000 		.4byte	.LASF23
 526 02b7 06       		.byte	0x6
 527 02b8 3A       		.byte	0x3a
 528 02b9 11       		.uleb128 0x11
 529 02ba C7010000 		.4byte	.LASF24
 530 02be C7010000 		.4byte	.LASF24
 531 02c2 07       		.byte	0x7
 532 02c3 31       		.byte	0x31
 533 02c4 11       		.uleb128 0x11
 534 02c5 69010000 		.4byte	.LASF25
 535 02c9 69010000 		.4byte	.LASF25
 536 02cd 07       		.byte	0x7
 537 02ce A1       		.byte	0xa1
 538 02cf 11       		.uleb128 0x11
 539 02d0 51000000 		.4byte	.LASF26
 540 02d4 51000000 		.4byte	.LASF26
 541 02d8 07       		.byte	0x7
 542 02d9 34       		.byte	0x34
 543 02da 11       		.uleb128 0x11
 544 02db D9010000 		.4byte	.LASF27
 545 02df D9010000 		.4byte	.LASF27
 546 02e3 07       		.byte	0x7
 547 02e4 35       		.byte	0x35
 548 02e5 11       		.uleb128 0x11
 549 02e6 BA010000 		.4byte	.LASF28
 550 02ea BA010000 		.4byte	.LASF28
 551 02ee 06       		.byte	0x6
 552 02ef 3D       		.byte	0x3d
 553 02f0 11       		.uleb128 0x11
 554 02f1 59010000 		.4byte	.LASF29
 555 02f5 59010000 		.4byte	.LASF29
 556 02f9 06       		.byte	0x6
 557 02fa 3C       		.byte	0x3c
 558 02fb 11       		.uleb128 0x11
 559 02fc 9A020000 		.4byte	.LASF30
 560 0300 9A020000 		.4byte	.LASF30
 561 0304 08       		.byte	0x8
 562 0305 E7       		.byte	0xe7
 563 0306 11       		.uleb128 0x11
 564 0307 A6010000 		.4byte	.LASF31
 565 030b A6010000 		.4byte	.LASF31
 566 030f 09       		.byte	0x9
 567 0310 2F       		.byte	0x2f
 568 0311 11       		.uleb128 0x11
 569 0312 A2020000 		.4byte	.LASF32
 570 0316 A2020000 		.4byte	.LASF32
 571 031a 0A       		.byte	0xa
 572 031b 76       		.byte	0x76
 573 031c 00       		.byte	0
 574              		.section	.debug_abbrev,"",%progbits
 575              	.Ldebug_abbrev0:
ARM GAS  C:\Users\GUILLA~1\AppData\Local\Temp\ccKHd6dc.s 			page 12


 576 0000 01       		.uleb128 0x1
 577 0001 11       		.uleb128 0x11
 578 0002 01       		.byte	0x1
 579 0003 25       		.uleb128 0x25
 580 0004 0E       		.uleb128 0xe
 581 0005 13       		.uleb128 0x13
 582 0006 0B       		.uleb128 0xb
 583 0007 03       		.uleb128 0x3
 584 0008 0E       		.uleb128 0xe
 585 0009 1B       		.uleb128 0x1b
 586 000a 0E       		.uleb128 0xe
 587 000b 55       		.uleb128 0x55
 588 000c 17       		.uleb128 0x17
 589 000d 11       		.uleb128 0x11
 590 000e 01       		.uleb128 0x1
 591 000f 10       		.uleb128 0x10
 592 0010 17       		.uleb128 0x17
 593 0011 00       		.byte	0
 594 0012 00       		.byte	0
 595 0013 02       		.uleb128 0x2
 596 0014 24       		.uleb128 0x24
 597 0015 00       		.byte	0
 598 0016 0B       		.uleb128 0xb
 599 0017 0B       		.uleb128 0xb
 600 0018 3E       		.uleb128 0x3e
 601 0019 0B       		.uleb128 0xb
 602 001a 03       		.uleb128 0x3
 603 001b 0E       		.uleb128 0xe
 604 001c 00       		.byte	0
 605 001d 00       		.byte	0
 606 001e 03       		.uleb128 0x3
 607 001f 16       		.uleb128 0x16
 608 0020 00       		.byte	0
 609 0021 03       		.uleb128 0x3
 610 0022 0E       		.uleb128 0xe
 611 0023 3A       		.uleb128 0x3a
 612 0024 0B       		.uleb128 0xb
 613 0025 3B       		.uleb128 0x3b
 614 0026 0B       		.uleb128 0xb
 615 0027 49       		.uleb128 0x49
 616 0028 13       		.uleb128 0x13
 617 0029 00       		.byte	0
 618 002a 00       		.byte	0
 619 002b 04       		.uleb128 0x4
 620 002c 24       		.uleb128 0x24
 621 002d 00       		.byte	0
 622 002e 0B       		.uleb128 0xb
 623 002f 0B       		.uleb128 0xb
 624 0030 3E       		.uleb128 0x3e
 625 0031 0B       		.uleb128 0xb
 626 0032 03       		.uleb128 0x3
 627 0033 08       		.uleb128 0x8
 628 0034 00       		.byte	0
 629 0035 00       		.byte	0
 630 0036 05       		.uleb128 0x5
 631 0037 16       		.uleb128 0x16
 632 0038 00       		.byte	0
ARM GAS  C:\Users\GUILLA~1\AppData\Local\Temp\ccKHd6dc.s 			page 13


 633 0039 03       		.uleb128 0x3
 634 003a 0E       		.uleb128 0xe
 635 003b 3A       		.uleb128 0x3a
 636 003c 0B       		.uleb128 0xb
 637 003d 3B       		.uleb128 0x3b
 638 003e 05       		.uleb128 0x5
 639 003f 49       		.uleb128 0x49
 640 0040 13       		.uleb128 0x13
 641 0041 00       		.byte	0
 642 0042 00       		.byte	0
 643 0043 06       		.uleb128 0x6
 644 0044 2E       		.uleb128 0x2e
 645 0045 01       		.byte	0x1
 646 0046 3F       		.uleb128 0x3f
 647 0047 19       		.uleb128 0x19
 648 0048 03       		.uleb128 0x3
 649 0049 0E       		.uleb128 0xe
 650 004a 3A       		.uleb128 0x3a
 651 004b 0B       		.uleb128 0xb
 652 004c 3B       		.uleb128 0x3b
 653 004d 0B       		.uleb128 0xb
 654 004e 27       		.uleb128 0x27
 655 004f 19       		.uleb128 0x19
 656 0050 49       		.uleb128 0x49
 657 0051 13       		.uleb128 0x13
 658 0052 8701     		.uleb128 0x87
 659 0054 19       		.uleb128 0x19
 660 0055 11       		.uleb128 0x11
 661 0056 01       		.uleb128 0x1
 662 0057 12       		.uleb128 0x12
 663 0058 06       		.uleb128 0x6
 664 0059 40       		.uleb128 0x40
 665 005a 18       		.uleb128 0x18
 666 005b 9742     		.uleb128 0x2117
 667 005d 19       		.uleb128 0x19
 668 005e 01       		.uleb128 0x1
 669 005f 13       		.uleb128 0x13
 670 0060 00       		.byte	0
 671 0061 00       		.byte	0
 672 0062 07       		.uleb128 0x7
 673 0063 34       		.uleb128 0x34
 674 0064 00       		.byte	0
 675 0065 03       		.uleb128 0x3
 676 0066 0E       		.uleb128 0xe
 677 0067 3A       		.uleb128 0x3a
 678 0068 0B       		.uleb128 0xb
 679 0069 3B       		.uleb128 0x3b
 680 006a 0B       		.uleb128 0xb
 681 006b 49       		.uleb128 0x49
 682 006c 13       		.uleb128 0x13
 683 006d 02       		.uleb128 0x2
 684 006e 17       		.uleb128 0x17
 685 006f 00       		.byte	0
 686 0070 00       		.byte	0
 687 0071 08       		.uleb128 0x8
 688 0072 34       		.uleb128 0x34
 689 0073 00       		.byte	0
ARM GAS  C:\Users\GUILLA~1\AppData\Local\Temp\ccKHd6dc.s 			page 14


 690 0074 03       		.uleb128 0x3
 691 0075 0E       		.uleb128 0xe
 692 0076 3A       		.uleb128 0x3a
 693 0077 0B       		.uleb128 0xb
 694 0078 3B       		.uleb128 0x3b
 695 0079 0B       		.uleb128 0xb
 696 007a 49       		.uleb128 0x49
 697 007b 13       		.uleb128 0x13
 698 007c 02       		.uleb128 0x2
 699 007d 18       		.uleb128 0x18
 700 007e 00       		.byte	0
 701 007f 00       		.byte	0
 702 0080 09       		.uleb128 0x9
 703 0081 898201   		.uleb128 0x4109
 704 0084 00       		.byte	0
 705 0085 11       		.uleb128 0x11
 706 0086 01       		.uleb128 0x1
 707 0087 31       		.uleb128 0x31
 708 0088 13       		.uleb128 0x13
 709 0089 00       		.byte	0
 710 008a 00       		.byte	0
 711 008b 0A       		.uleb128 0xa
 712 008c 898201   		.uleb128 0x4109
 713 008f 01       		.byte	0x1
 714 0090 11       		.uleb128 0x11
 715 0091 01       		.uleb128 0x1
 716 0092 31       		.uleb128 0x31
 717 0093 13       		.uleb128 0x13
 718 0094 01       		.uleb128 0x1
 719 0095 13       		.uleb128 0x13
 720 0096 00       		.byte	0
 721 0097 00       		.byte	0
 722 0098 0B       		.uleb128 0xb
 723 0099 8A8201   		.uleb128 0x410a
 724 009c 00       		.byte	0
 725 009d 02       		.uleb128 0x2
 726 009e 18       		.uleb128 0x18
 727 009f 9142     		.uleb128 0x2111
 728 00a1 18       		.uleb128 0x18
 729 00a2 00       		.byte	0
 730 00a3 00       		.byte	0
 731 00a4 0C       		.uleb128 0xc
 732 00a5 898201   		.uleb128 0x4109
 733 00a8 01       		.byte	0x1
 734 00a9 11       		.uleb128 0x11
 735 00aa 01       		.uleb128 0x1
 736 00ab 31       		.uleb128 0x31
 737 00ac 13       		.uleb128 0x13
 738 00ad 00       		.byte	0
 739 00ae 00       		.byte	0
 740 00af 0D       		.uleb128 0xd
 741 00b0 01       		.uleb128 0x1
 742 00b1 01       		.byte	0x1
 743 00b2 49       		.uleb128 0x49
 744 00b3 13       		.uleb128 0x13
 745 00b4 01       		.uleb128 0x1
 746 00b5 13       		.uleb128 0x13
ARM GAS  C:\Users\GUILLA~1\AppData\Local\Temp\ccKHd6dc.s 			page 15


 747 00b6 00       		.byte	0
 748 00b7 00       		.byte	0
 749 00b8 0E       		.uleb128 0xe
 750 00b9 21       		.uleb128 0x21
 751 00ba 00       		.byte	0
 752 00bb 49       		.uleb128 0x49
 753 00bc 13       		.uleb128 0x13
 754 00bd 2F       		.uleb128 0x2f
 755 00be 0B       		.uleb128 0xb
 756 00bf 00       		.byte	0
 757 00c0 00       		.byte	0
 758 00c1 0F       		.uleb128 0xf
 759 00c2 34       		.uleb128 0x34
 760 00c3 00       		.byte	0
 761 00c4 03       		.uleb128 0x3
 762 00c5 0E       		.uleb128 0xe
 763 00c6 3A       		.uleb128 0x3a
 764 00c7 0B       		.uleb128 0xb
 765 00c8 3B       		.uleb128 0x3b
 766 00c9 05       		.uleb128 0x5
 767 00ca 49       		.uleb128 0x49
 768 00cb 13       		.uleb128 0x13
 769 00cc 3F       		.uleb128 0x3f
 770 00cd 19       		.uleb128 0x19
 771 00ce 3C       		.uleb128 0x3c
 772 00cf 19       		.uleb128 0x19
 773 00d0 00       		.byte	0
 774 00d1 00       		.byte	0
 775 00d2 10       		.uleb128 0x10
 776 00d3 35       		.uleb128 0x35
 777 00d4 00       		.byte	0
 778 00d5 49       		.uleb128 0x49
 779 00d6 13       		.uleb128 0x13
 780 00d7 00       		.byte	0
 781 00d8 00       		.byte	0
 782 00d9 11       		.uleb128 0x11
 783 00da 2E       		.uleb128 0x2e
 784 00db 00       		.byte	0
 785 00dc 3F       		.uleb128 0x3f
 786 00dd 19       		.uleb128 0x19
 787 00de 3C       		.uleb128 0x3c
 788 00df 19       		.uleb128 0x19
 789 00e0 6E       		.uleb128 0x6e
 790 00e1 0E       		.uleb128 0xe
 791 00e2 03       		.uleb128 0x3
 792 00e3 0E       		.uleb128 0xe
 793 00e4 3A       		.uleb128 0x3a
 794 00e5 0B       		.uleb128 0xb
 795 00e6 3B       		.uleb128 0x3b
 796 00e7 0B       		.uleb128 0xb
 797 00e8 00       		.byte	0
 798 00e9 00       		.byte	0
 799 00ea 00       		.byte	0
 800              		.section	.debug_loc,"",%progbits
 801              	.Ldebug_loc0:
 802              	.LLST0:
 803 0000 0A000000 		.4byte	.LVL0
ARM GAS  C:\Users\GUILLA~1\AppData\Local\Temp\ccKHd6dc.s 			page 16


 804 0004 1C000000 		.4byte	.LVL4
 805 0008 0200     		.2byte	0x2
 806 000a 30       		.byte	0x30
 807 000b 9F       		.byte	0x9f
 808 000c 2A000000 		.4byte	.LVL7
 809 0010 94000000 		.4byte	.LFE64
 810 0014 0100     		.2byte	0x1
 811 0016 54       		.byte	0x54
 812 0017 00000000 		.4byte	0
 813 001b 00000000 		.4byte	0
 814              	.LLST1:
 815 001f 0A000000 		.4byte	.LVL0
 816 0023 1C000000 		.4byte	.LVL4
 817 0027 0200     		.2byte	0x2
 818 0029 30       		.byte	0x30
 819 002a 9F       		.byte	0x9f
 820 002b 32000000 		.4byte	.LVL9
 821 002f 94000000 		.4byte	.LFE64
 822 0033 0100     		.2byte	0x1
 823 0035 56       		.byte	0x56
 824 0036 00000000 		.4byte	0
 825 003a 00000000 		.4byte	0
 826              		.section	.debug_aranges,"",%progbits
 827 0000 1C000000 		.4byte	0x1c
 828 0004 0200     		.2byte	0x2
 829 0006 00000000 		.4byte	.Ldebug_info0
 830 000a 04       		.byte	0x4
 831 000b 00       		.byte	0
 832 000c 0000     		.2byte	0
 833 000e 0000     		.2byte	0
 834 0010 00000000 		.4byte	.LFB64
 835 0014 94000000 		.4byte	.LFE64-.LFB64
 836 0018 00000000 		.4byte	0
 837 001c 00000000 		.4byte	0
 838              		.section	.debug_ranges,"",%progbits
 839              	.Ldebug_ranges0:
 840 0000 00000000 		.4byte	.LFB64
 841 0004 94000000 		.4byte	.LFE64
 842 0008 00000000 		.4byte	0
 843 000c 00000000 		.4byte	0
 844              		.section	.debug_line,"",%progbits
 845              	.Ldebug_line0:
 846 0000 63020000 		.section	.debug_str,"MS",%progbits,1
 846      02000202 
 846      00000201 
 846      FB0E0D00 
 846      01010101 
 847              	.LASF17:
 848 0000 72657375 		.ascii	"result1\000"
 848      6C743100 
 849              	.LASF18:
 850 0008 72657375 		.ascii	"result2\000"
 850      6C743200 
 851              	.LASF23:
 852 0010 4C43445F 		.ascii	"LCD_WriteControl\000"
 852      57726974 
 852      65436F6E 
ARM GAS  C:\Users\GUILLA~1\AppData\Local\Temp\ccKHd6dc.s 			page 17


 852      74726F6C 
 852      00
 853              	.LASF9:
 854 0021 5F5F696E 		.ascii	"__int32_t\000"
 854      7433325F 
 854      7400
 855              	.LASF19:
 856 002b 72657375 		.ascii	"resultStr1\000"
 856      6C745374 
 856      723100
 857              	.LASF20:
 858 0036 72657375 		.ascii	"resultStr2\000"
 858      6C745374 
 858      723200
 859              	.LASF12:
 860 0041 666C6F61 		.ascii	"float\000"
 860      7400
 861              	.LASF22:
 862 0047 4C43445F 		.ascii	"LCD_Start\000"
 862      53746172 
 862      7400
 863              	.LASF26:
 864 0051 4144435F 		.ascii	"ADC_SAR_Seq_IsEndConversion\000"
 864      5341525F 
 864      5365715F 
 864      4973456E 
 864      64436F6E 
 865              	.LASF33:
 866 006d 474E5520 		.ascii	"GNU C11 5.4.1 20160609 (release) [ARM/embedded-5-br"
 866      43313120 
 866      352E342E 
 866      31203230 
 866      31363036 
 867 00a0 616E6368 		.ascii	"anch revision 237715] -mcpu=cortex-m3 -mthumb -g -O"
 867      20726576 
 867      6973696F 
 867      6E203233 
 867      37373135 
 868 00d3 67202D66 		.ascii	"g -ffunction-sections -ffat-lto-objects\000"
 868      66756E63 
 868      74696F6E 
 868      2D736563 
 868      74696F6E 
 869              	.LASF11:
 870 00fb 696E7431 		.ascii	"int16\000"
 870      3600
 871              	.LASF5:
 872 0101 6C6F6E67 		.ascii	"long unsigned int\000"
 872      20756E73 
 872      69676E65 
 872      6420696E 
 872      7400
 873              	.LASF3:
 874 0113 73686F72 		.ascii	"short unsigned int\000"
 874      7420756E 
 874      7369676E 
 874      65642069 
ARM GAS  C:\Users\GUILLA~1\AppData\Local\Temp\ccKHd6dc.s 			page 18


 874      6E7400
 875              	.LASF37:
 876 0126 49544D5F 		.ascii	"ITM_RxBuffer\000"
 876      52784275 
 876      66666572 
 876      00
 877              	.LASF1:
 878 0133 756E7369 		.ascii	"unsigned char\000"
 878      676E6564 
 878      20636861 
 878      7200
 879              	.LASF13:
 880 0141 646F7562 		.ascii	"double\000"
 880      6C6500
 881              	.LASF21:
 882 0148 49444143 		.ascii	"IDAC8_Start\000"
 882      385F5374 
 882      61727400 
 883              	.LASF36:
 884 0154 6D61696E 		.ascii	"main\000"
 884      00
 885              	.LASF29:
 886 0159 4C43445F 		.ascii	"LCD_PrintString\000"
 886      5072696E 
 886      74537472 
 886      696E6700 
 887              	.LASF25:
 888 0169 4144435F 		.ascii	"ADC_SAR_Seq_StartConvert\000"
 888      5341525F 
 888      5365715F 
 888      53746172 
 888      74436F6E 
 889              	.LASF8:
 890 0182 756E7369 		.ascii	"unsigned int\000"
 890      676E6564 
 890      20696E74 
 890      00
 891              	.LASF7:
 892 018f 6C6F6E67 		.ascii	"long long unsigned int\000"
 892      206C6F6E 
 892      6720756E 
 892      7369676E 
 892      65642069 
 893              	.LASF31:
 894 01a6 436F6E74 		.ascii	"Control_Reg_1_Write\000"
 894      726F6C5F 
 894      5265675F 
 894      315F5772 
 894      69746500 
 895              	.LASF28:
 896 01ba 4C43445F 		.ascii	"LCD_Position\000"
 896      506F7369 
 896      74696F6E 
 896      00
 897              	.LASF24:
 898 01c7 4144435F 		.ascii	"ADC_SAR_Seq_Start\000"
 898      5341525F 
ARM GAS  C:\Users\GUILLA~1\AppData\Local\Temp\ccKHd6dc.s 			page 19


 898      5365715F 
 898      53746172 
 898      7400
 899              	.LASF27:
 900 01d9 4144435F 		.ascii	"ADC_SAR_Seq_GetResult16\000"
 900      5341525F 
 900      5365715F 
 900      47657452 
 900      6573756C 
 901              	.LASF10:
 902 01f1 696E7433 		.ascii	"int32_t\000"
 902      325F7400 
 903              	.LASF16:
 904 01f9 73697A65 		.ascii	"sizetype\000"
 904      74797065 
 904      00
 905              	.LASF6:
 906 0202 6C6F6E67 		.ascii	"long long int\000"
 906      206C6F6E 
 906      6720696E 
 906      7400
 907              	.LASF34:
 908 0210 6D61696E 		.ascii	"main.c\000"
 908      2E6300
 909              	.LASF14:
 910 0217 63686172 		.ascii	"char\000"
 910      00
 911              	.LASF35:
 912 021c 443A5C55 		.ascii	"D:\\Users\\Guillaume\\Desktop\\BE_Capteurs-main\\Wo"
 912      73657273 
 912      5C477569 
 912      6C6C6175 
 912      6D655C44 
 913 024a 726B7370 		.ascii	"rkspaceCapteur\\Capteur_LDR_LCD.cydsn\000"
 913      61636543 
 913      61707465 
 913      75725C43 
 913      61707465 
 914              	.LASF2:
 915 026f 73686F72 		.ascii	"short int\000"
 915      7420696E 
 915      7400
 916              	.LASF4:
 917 0279 6C6F6E67 		.ascii	"long int\000"
 917      20696E74 
 917      00
 918              	.LASF15:
 919 0282 6C6F6E67 		.ascii	"long double\000"
 919      20646F75 
 919      626C6500 
 920              	.LASF0:
 921 028e 7369676E 		.ascii	"signed char\000"
 921      65642063 
 921      68617200 
 922              	.LASF30:
 923 029a 73707269 		.ascii	"sprintf\000"
 923      6E746600 
ARM GAS  C:\Users\GUILLA~1\AppData\Local\Temp\ccKHd6dc.s 			page 20


 924              	.LASF32:
 925 02a2 43794465 		.ascii	"CyDelay\000"
 925      6C617900 
 926              		.ident	"GCC: (GNU Tools for ARM Embedded Processors) 5.4.1 20160609 (release) [ARM/embedded-5-bran
